#
# A fatal error has been detected by the Java Runtime Environment:
#
#  EXCEPTION_ACCESS_VIOLATION (0xc0000005) at pc=0x00007ffdc8d8ed95, pid=13296, tid=5728
#
# JRE version: Java(TM) SE Runtime Environment (9.0+11) (build 9.0.4+11)
# Java VM: Java HotSpot(TM) 64-Bit Server VM (9.0.4+11, mixed mode, tiered, compressed oops, g1 gc, windows-amd64)
# Problematic frame:
# C  [librdi_common.dll+0x17ed95]
#
# No core dump will be written. Minidumps are not enabled by default on client versions of Windows
#
# If you would like to submit a bug report, please visit:
#   http://bugreport.java.com/bugreport/crash.jsp
# The crash happened outside the Java Virtual Machine in native code.
# See problematic frame for where to report the bug.
#

---------------  S U M M A R Y ------------

Command Line: -Dsun.java2d.pmoffscreen=false -Dsun.java2d.xrender=false -Dsun.java2d.d3d=false -Dsun.awt.nopixfmt=true -Dsun.java2d.dpiaware=true -Dsun.java2d.uiScale.enabled=false -Xverify:none -Dswing.aatext=true -XX:-UsePerfData -Djdk.map.althashing.threshold=512 -XX:StringTableSize=4072 --add-opens=java.base/java.nio=ALL-UNNAMED --add-opens=java.desktop/sun.swing=ALL-UNNAMED --add-opens=java.desktop/javax.swing=ALL-UNNAMED --add-opens=java.desktop/javax.swing.tree=ALL-UNNAMED --add-opens=java.desktop/javax.swing.plaf.basic=ALL-UNNAMED --add-opens=java.desktop/javax.swing.plaf.synth=ALL-UNNAMED --add-opens=java.desktop/com.sun.awt=ALL-UNNAMED -XX:NewSize=60m -XX:MaxNewSize=60m -Xms128m -Xmx3072m -Xss5m 

Host: Intel(R) Core(TM) i7-4720HQ CPU @ 2.60GHz, 8 cores, 11G,  Windows 10 , 64 bit Build 18362 (10.0.18362.959)
Time: Mon Aug 10 20:38:19 2020 Hora estándar de Argentina elapsed time: 7786 seconds (0d 2h 9m 46s)

---------------  T H R E A D  ---------------

Current thread (0x000002620fa68000):  JavaThread "AWT-EventQueue-1" [_thread_in_native, id=5728, stack(0x000000efb9b00000,0x000000efba000000)]

Stack: [0x000000efb9b00000,0x000000efba000000],  sp=0x000000efb9ffb4d0,  free space=5101k
Native frames: (J=compiled Java code, j=interpreted, Vv=VM code, C=native code)
C  [librdi_common.dll+0x17ed95]
C  [librdi_common.dll+0x173b75]
C  [librdi_common.dll+0x13cd4a]
C  0x00007ffd889021df
C  0x00007ffd889821ef
C  0x00007ffd88989f09
C  0x00007ffd8895a6cb
C  0x00007ffd88996e97
C  0x0000026208a84e3a

Java frames: (J=compiled Java code, j=interpreted, Vv=VM code)
J 17681  ui.views.waveform.waveformi.WVExecutive_getTooltipTextDelayed(J)Ljava/lang/String; (0 bytes) @ 0x0000026208a84da1 [0x0000026208a84d60+0x0000000000000041]
J 26108 c2 ui.views.waveform.b.a.bJ(Ljava/awt/event/MouseEvent;)V (135 bytes) @ 0x0000026209523000 [0x0000026209522f00+0x0000000000000100]
J 26110 c2 ui.views.waveform.b.a.mouseMoved(Ljava/awt/event/MouseEvent;)V (32 bytes) @ 0x0000026209524934 [0x0000026209524860+0x00000000000000d4]
J 10872 c2 java.awt.AWTEventMulticaster.mouseMoved(Ljava/awt/event/MouseEvent;)V java.desktop@9.0.4 (27 bytes) @ 0x00000262084382f4 [0x0000026208438240+0x00000000000000b4]
J 10872 c2 java.awt.AWTEventMulticaster.mouseMoved(Ljava/awt/event/MouseEvent;)V java.desktop@9.0.4 (27 bytes) @ 0x00000262084382b4 [0x0000026208438240+0x0000000000000074]
J 25209 c2 ui.frmwork.c.i.processMouseMotionEvent(Ljava/awt/event/MouseEvent;)V (131 bytes) @ 0x0000026209359788 [0x0000026209359400+0x0000000000000388]
J 18057 c2 java.awt.Container.processEvent(Ljava/awt/AWTEvent;)V java.desktop@9.0.4 (22 bytes) @ 0x0000026208babbc4 [0x0000026208baba40+0x0000000000000184]
J 25860 c2 java.awt.Component.dispatchEventImpl(Ljava/awt/AWTEvent;)V java.desktop@9.0.4 (739 bytes) @ 0x00000262094797e0 [0x0000026209478de0+0x0000000000000a00]
J 23543 c2 java.awt.Container.dispatchEventImpl(Ljava/awt/AWTEvent;)V java.desktop@9.0.4 (129 bytes) @ 0x0000026208b701e8 [0x0000026208b70100+0x00000000000000e8]
J 23133 c2 java.awt.LightweightDispatcher.retargetMouseEvent(Ljava/awt/Component;ILjava/awt/event/MouseEvent;)V java.desktop@9.0.4 (350 bytes) @ 0x0000026209163d74 [0x00000262091637c0+0x00000000000005b4]
J 23325 c2 java.awt.LightweightDispatcher.processMouseEvent(Ljava/awt/event/MouseEvent;)Z java.desktop@9.0.4 (265 bytes) @ 0x000002620824a4b4 [0x0000026208249f40+0x0000000000000574]
J 23543 c2 java.awt.Container.dispatchEventImpl(Ljava/awt/AWTEvent;)V java.desktop@9.0.4 (129 bytes) @ 0x0000026208b70450 [0x0000026208b70100+0x0000000000000350]
J 10745 c2 java.awt.Window.dispatchEventImpl(Ljava/awt/AWTEvent;)V java.desktop@9.0.4 (23 bytes) @ 0x00000262083febb0 [0x00000262083feb60+0x0000000000000050]
J 14370 c2 java.awt.EventQueue.dispatchEventImpl(Ljava/awt/AWTEvent;Ljava/lang/Object;)V java.desktop@9.0.4 (136 bytes) @ 0x00000262087d79e0 [0x00000262087d7400+0x00000000000005e0]
J 14495 c2 java.awt.EventQueue$3.run()Ljava/lang/Object; java.desktop@9.0.4 (5 bytes) @ 0x0000026208803eac [0x0000026208803e40+0x000000000000006c]
v  ~StubRoutines::call_stub
J 4309  java.security.AccessController.doPrivileged(Ljava/security/PrivilegedAction;Ljava/security/AccessControlContext;)Ljava/lang/Object; java.base@9.0.4 (0 bytes) @ 0x0000026207d52dc6 [0x0000026207d52d60+0x0000000000000066]
J 10743 c2 java.awt.EventQueue$4.run()Ljava/lang/Object; java.desktop@9.0.4 (5 bytes) @ 0x00000262083fe4c0 [0x00000262083fe260+0x0000000000000260]
v  ~StubRoutines::call_stub
J 4309  java.security.AccessController.doPrivileged(Ljava/security/PrivilegedAction;Ljava/security/AccessControlContext;)Ljava/lang/Object; java.base@9.0.4 (0 bytes) @ 0x0000026207d52dc6 [0x0000026207d52d60+0x0000000000000066]
J 10327 c2 ui.frmwork.b.d.dispatchEvent(Ljava/awt/AWTEvent;)V (34 bytes) @ 0x0000026208318c28 [0x0000026208318800+0x0000000000000428]
J 23271 c2 java.awt.EventDispatchThread.pumpOneEventForFilters(I)V java.desktop@9.0.4 (218 bytes) @ 0x0000026207f9940c [0x0000026207f98ea0+0x000000000000056c]
J 19954% c2 java.awt.EventDispatchThread.pumpEventsForFilter(ILjava/awt/Conditional;Ljava/awt/EventFilter;)V java.desktop@9.0.4 (47 bytes) @ 0x000002620843cb78 [0x000002620843ca60+0x0000000000000118]
j  java.awt.EventDispatchThread.pumpEventsForHierarchy(ILjava/awt/Conditional;Ljava/awt/Component;)V+11 java.desktop@9.0.4
j  java.awt.EventDispatchThread.pumpEvents(ILjava/awt/Conditional;)V+4 java.desktop@9.0.4
j  java.awt.EventDispatchThread.pumpEvents(Ljava/awt/Conditional;)V+3 java.desktop@9.0.4
j  java.awt.EventDispatchThread.run()V+9 java.desktop@9.0.4
v  ~StubRoutines::call_stub

siginfo: EXCEPTION_ACCESS_VIOLATION (0xc0000005), reading address 0xffffffffffffffff


Register to memory mapping:

RIP=0x00007ffdc8d8ed95 librdi_common.dll
RAX=0x000002626627d201 is an unknown value
RBX=0x90085c0026c896c8 is an unknown value
RCX=0x000002626627d280 is an unknown value
RDX=0x90085c0026c896c8 is an unknown value
RSP=0x000000efb9ffb4d0 is pointing into the stack for thread: 0x000002620fa68000
RBP=0x000000efb9ffb600 is pointing into the stack for thread: 0x000002620fa68000
RSI=0x000002621ef661e0 is an unknown value
RDI=0x000000efb9ffb6e8 is pointing into the stack for thread: 0x000002620fa68000
R8 =0x000000efb9ffb6e8 is pointing into the stack for thread: 0x000002620fa68000
R9 =0x0000000000000000 is an unknown value
R10=0x0000026215ab8210 is an unknown value
R11=0x000002621f128950 is an unknown value
R12=0x000000efb9ffb6e8 is pointing into the stack for thread: 0x000002620fa68000
R13=0x0000000000000000 is an unknown value
R14=0x00000262636c0fe0 is an unknown value
R15=0x90085c0026c896c8 is an unknown value


Registers:
RAX=0x000002626627d201, RBX=0x90085c0026c896c8, RCX=0x000002626627d280, RDX=0x90085c0026c896c8
RSP=0x000000efb9ffb4d0, RBP=0x000000efb9ffb600, RSI=0x000002621ef661e0, RDI=0x000000efb9ffb6e8
R8 =0x000000efb9ffb6e8, R9 =0x0000000000000000, R10=0x0000026215ab8210, R11=0x000002621f128950
R12=0x000000efb9ffb6e8, R13=0x0000000000000000, R14=0x00000262636c0fe0, R15=0x90085c0026c896c8
RIP=0x00007ffdc8d8ed95, EFLAGS=0x0000000000010202

Top of Stack: (sp=0x000000efb9ffb4d0)
0x000000efb9ffb4d0:   000000efb9ffb880 00007ffe03cc2787
0x000000efb9ffb4e0:   000000ef00000000 90085c0026c896c8
0x000000efb9ffb4f0:   90085c0026c896c8 00007ffdc8d83b75
0x000000efb9ffb500:   000002621e79cce8 00007ffe03cc2a1f
0x000000efb9ffb510:   0000ad9197d2c8d2 0000000000000011
0x000000efb9ffb520:   0000026213d53e20 000002621e79ccc0
0x000000efb9ffb530:   0000000000000002 00007ffdc8dec825
0x000000efb9ffb540:   000002621772fd40 000002621e79ccc8
0x000000efb9ffb550:   000002621e79cd08 000002621e79ccc0
0x000000efb9ffb560:   fffffffffffffffe 00007ffdc93a8aad
0x000000efb9ffb570:   fffffffffffffffe 00007ffdc9a9dbc0
0x000000efb9ffb580:   000002621e79ccc0 00000262637139a8
0x000000efb9ffb590:   000000efb9ffb6e8 00007ffdc8debb16
0x000000efb9ffb5a0:   000002621e79ccc0 000000efb9ffb6e8
0x000000efb9ffb5b0:   0000026200000002 0000000000000000
0x000000efb9ffb5c0:   fffffffffffffffe 000000000000000f 

Instructions: (pc=0x00007ffdc8d8ed95)
0x00007ffdc8d8ed75:   20 48 8b d9 e8 22 c4 04 00 48 8b c8 48 8b d3 e8
0x00007ffdc8d8ed85:   27 0d 05 00 84 c0 75 08 33 c0 48 83 c4 20 5b c3
0x00007ffdc8d8ed95:   48 8b 4b 50 48 85 c9 74 0a 48 83 c4 20 5b e9 68
0x00007ffdc8d8eda5:   e2 04 00 48 8b d3 48 8d 0d 66 ce 78 00 e8 59 b7 



---------------  P R O C E S S  ---------------

Java Threads: ( => current thread )
  0x000002621e9c9000 JavaThread "Relaunch Simulation Thread" [_thread_blocked, id=14884, stack(0x000000efbc500000,0x000000efbca00000)]
  0x000002621e9cc000 JavaThread "SwingWorker-pool-2-thread-2" daemon [_thread_blocked, id=10704, stack(0x000000efbe300000,0x000000efbe800000)]
  0x000002621e9c1000 JavaThread "SwingWorker-pool-2-thread-1" daemon [_thread_blocked, id=13828, stack(0x000000efbd400000,0x000000efbd900000)]
  0x000002621741c000 JavaThread "Monitor File Timestamp Swing Worker Thread" [_thread_blocked, id=1116, stack(0x000000efc0600000,0x000000efc0b00000)]
  0x000002620fb95800 JavaThread "Timer-4" [_thread_blocked, id=6640, stack(0x000000efc0100000,0x000000efc0600000)]
  0x000002621740f000 JavaThread "SyntheticaAnimation 50" daemon [_thread_blocked, id=7028, stack(0x000000efbcf00000,0x000000efbd400000)]
  0x0000026217411000 JavaThread "Image Animator 0" daemon [_thread_blocked, id=12352, stack(0x000000efbfc00000,0x000000efc0100000)]
  0x0000026217410800 JavaThread "ForkJoinPool.commonPool-worker-9" daemon [_thread_blocked, id=3496, stack(0x000000efbed00000,0x000000efbf200000)]
  0x000002621740d800 JavaThread "SyntheticaAnimation 50" daemon [_thread_blocked, id=13496, stack(0x000000efbd900000,0x000000efbde00000)]
  0x0000026217415000 JavaThread "Update Runs Swing Worker Thread" [_thread_blocked, id=10876, stack(0x000000efbde00000,0x000000efbe300000)]
  0x0000026217414800 JavaThread "hw_ila_monitor" [_thread_blocked, id=12476, stack(0x000000efbca00000,0x000000efbcf00000)]
  0x000002621740c800 JavaThread "Refresh Filesets Swing Worker Thread" [_thread_blocked, id=4508, stack(0x000000efbc000000,0x000000efbc500000)]
  0x000002621740f800 JavaThread "Swing-Shell" daemon [_thread_blocked, id=9908, stack(0x000000efb8c00000,0x000000efb9100000)]
  0x0000026217413800 JavaThread "SyntheticaAnimation 70" daemon [_thread_blocked, id=5404, stack(0x000000efba000000,0x000000efba500000)]
  0x0000026217412800 JavaThread "SyntheticaAnimation 25" daemon [_thread_blocked, id=12948, stack(0x000000efbb700000,0x000000efbbc00000)]
  0x000002620fb93000 JavaThread "SyntheticaAnimation 50" daemon [_thread_blocked, id=8816, stack(0x000000efbb200000,0x000000efbb700000)]
  0x000002620fb92800 JavaThread "Monitor HEventQueue Thread" [_thread_blocked, id=2984, stack(0x000000efbad00000,0x000000efbb200000)]
  0x000002620fb94800 JavaThread "SyntheticaCleanerThread" daemon [_thread_blocked, id=248, stack(0x000000efba500000,0x000000efbaa00000)]
  0x000002620fb94000 JavaThread "Batik CleanerThread" daemon [_thread_blocked, id=12008, stack(0x000000efb9100000,0x000000efb9600000)]
=>0x000002620fa68000 JavaThread "AWT-EventQueue-1" [_thread_in_native, id=5728, stack(0x000000efb9b00000,0x000000efba000000)]
  0x000002620fc6d800 JavaThread "Process Messages Thread" [_thread_blocked, id=13448, stack(0x000000efb9600000,0x000000efb9b00000)]
  0x000002620fa6a000 JavaThread "Thread-1" [_thread_in_native, id=11272, stack(0x000000efb2400000,0x000000efb3800000)]
  0x0000026211fc0000 JavaThread "TimerQueue" daemon [_thread_blocked, id=6552, stack(0x000000efb8700000,0x000000efb8c00000)]
  0x000002620fae1000 JavaThread "AWT-Windows" daemon [_thread_in_native, id=11812, stack(0x000000efb8200000,0x000000efb8700000)]
  0x000002627007c000 JavaThread "AWT-Shutdown" [_thread_blocked, id=11868, stack(0x000000efb7d00000,0x000000efb8200000)]
  0x000002620fae4800 JavaThread "Java2D Disposer" daemon [_thread_blocked, id=1952, stack(0x000000efb7800000,0x000000efb7d00000)]
  0x000002626fa37800 JavaThread "Service Thread" daemon [_thread_blocked, id=13068, stack(0x000000efb7200000,0x000000efb7700000)]
  0x000002626e67f800 JavaThread "Common-Cleaner" daemon [_thread_blocked, id=7504, stack(0x000000efb6d00000,0x000000efb7200000)]
  0x000002626d3c7800 JavaThread "Sweeper thread" daemon [_thread_blocked, id=11648, stack(0x000000efb6800000,0x000000efb6d00000)]
  0x000002626c1b4800 JavaThread "C1 CompilerThread3" daemon [_thread_blocked, id=9636, stack(0x000000efb6700000,0x000000efb6800000)]
  0x000002626c1b8800 JavaThread "C2 CompilerThread2" daemon [_thread_blocked, id=5380, stack(0x000000efb6600000,0x000000efb6700000)]
  0x000002626c1b3000 JavaThread "C2 CompilerThread1" daemon [_thread_blocked, id=4432, stack(0x000000efb6500000,0x000000efb6600000)]
  0x000002626e1d6000 JavaThread "C2 CompilerThread0" daemon [_thread_blocked, id=10356, stack(0x000000efb6400000,0x000000efb6500000)]
  0x000002626e1d5000 JavaThread "Attach Listener" daemon [_thread_blocked, id=10972, stack(0x000000efb5f00000,0x000000efb6400000)]
  0x000002626e1d4800 JavaThread "Signal Dispatcher" daemon [_thread_blocked, id=4424, stack(0x000000efb5a00000,0x000000efb5f00000)]
  0x000002626891d800 JavaThread "Finalizer" daemon [_thread_blocked, id=10788, stack(0x000000efb5500000,0x000000efb5a00000)]
  0x000002626e5e9800 JavaThread "Reference Handler" daemon [_thread_blocked, id=2916, stack(0x000000efb5000000,0x000000efb5500000)]
  0x00000262697c7800 JavaThread "main" [_thread_blocked, id=8612, stack(0x000000efb2300000,0x000000efb2400000)]

Other Threads:
  0x00000262697cc800 VMThread "VM Thread" [stack: 0x000000efb4f00000,0x000000efb5000000] [id=8528]
  0x000002626e6b9000 WatcherThread [stack: 0x000000efb7700000,0x000000efb7800000] [id=6076]
  0x000002626e9d5800 GCTaskThread "GC Thread#0" [stack: 0x000000efb3b00000,0x000000efb3c00000] [id=10296]
  0x0000026268387800 GCTaskThread "GC Thread#1" [stack: 0x000000efb3c00000,0x000000efb3d00000] [id=7100]
  0x000002626e7d0800 GCTaskThread "GC Thread#2" [stack: 0x000000efb3d00000,0x000000efb3e00000] [id=6364]
  0x000002626d5c5000 GCTaskThread "GC Thread#3" [stack: 0x000000efb3e00000,0x000000efb3f00000] [id=13356]
  0x00000262691e6000 GCTaskThread "GC Thread#4" [stack: 0x000000efb3f00000,0x000000efb4000000] [id=2648]
  0x000002626979f800 GCTaskThread "GC Thread#5" [stack: 0x000000efb4000000,0x000000efb4100000] [id=3360]
  0x00000262697a0800 GCTaskThread "GC Thread#6" [stack: 0x000000efb4100000,0x000000efb4200000] [id=11424]
  0x000002626d1dc800 GCTaskThread "GC Thread#7" [stack: 0x000000efb4200000,0x000000efb4300000] [id=7776]
  0x000002626e758000 ConcurrentGCThread "G1 Main Marker" [stack: 0x000000efb4c00000,0x000000efb4d00000] [id=8484]
  0x00000262698f6800 ConcurrentGCThread "G1 Marker#0" [stack: 0x000000efb4d00000,0x000000efb4e00000] [id=10604]
  0x000002626e814800 ConcurrentGCThread "G1 Marker#1" [stack: 0x000000efb4e00000,0x000000efb4f00000] [id=10052]
  0x000002626bca5000 ConcurrentGCThread "G1 Refine#0" [stack: 0x000000efb4a00000,0x000000efb4b00000] [id=2964]
  0x000002626d5cd000 ConcurrentGCThread "G1 Refine#1" [stack: 0x000000efb4900000,0x000000efb4a00000] [id=3124]
  0x000002626c2b8800 ConcurrentGCThread "G1 Refine#2" [stack: 0x000000efb4800000,0x000000efb4900000] [id=5124]
  0x000002626c2b8000 ConcurrentGCThread "G1 Refine#3" [stack: 0x000000efb4700000,0x000000efb4800000] [id=4156]
  0x000002626c2b7800 ConcurrentGCThread "G1 Refine#4" [stack: 0x000000efb4600000,0x000000efb4700000] [id=5828]
  0x000002626e31b800 ConcurrentGCThread "G1 Refine#5" [stack: 0x000000efb4500000,0x000000efb4600000] [id=9792]
  0x000002626e9f2000 ConcurrentGCThread "G1 Refine#6" [stack: 0x000000efb4400000,0x000000efb4500000] [id=8320]
  0x000002626e9f1800 ConcurrentGCThread "G1 Refine#7" [stack: 0x000000efb4300000,0x000000efb4400000] [id=14152]
  0x000002626945e800 ConcurrentGCThread "G1 Young RemSet Sampling" [stack: 0x000000efb4b00000,0x000000efb4c00000] [id=9352]

Threads with active compile tasks:

VM state:not at safepoint (normal execution)

VM Mutex/Monitor currently owned by a thread: None

Heap address: 0x0000000700000000, size: 3072 MB, Compressed Oops mode: Zero based, Oop shift amount: 3
Narrow klass base: 0x0000000000000000, Narrow klass shift: 3
Compressed class space size: 1073741824 Address: 0x00000007c0000000

Heap:
 garbage-first heap   total 245760K, used 104057K [0x0000000700000000, 0x0000000700100780, 0x00000007c0000000)
  region size 1024K, 31 young (31744K), 1 survivors (1024K)
 Metaspace       used 85525K, capacity 87343K, committed 94844K, reserved 1130496K
  class space    used 11017K, capacity 11392K, committed 12924K, reserved 1048576K
Heap Regions: E=young(eden), S=young(survivor), O=old, HS=humongous(starts), HC=humongous(continues), CS=collection set, F=free, A=archive, TS=gc time stamp, AC=allocation context, TAMS=top-at-mark-start (previous, next)
|   0|0x0000000700000000, 0x00000007000ece90, 0x0000000700100000| 92%| O|  |TS  0|AC  0|TAMS 0x0000000700000000, 0x0000000700000000|
|   1|0x0000000700100000, 0x00000007001ffa08, 0x0000000700200000| 99%| O|  |TS  0|AC  0|TAMS 0x0000000700100000, 0x0000000700100000|
|   2|0x0000000700200000, 0x00000007002d8780, 0x0000000700300000| 84%| O|  |TS  0|AC  0|TAMS 0x0000000700200000, 0x0000000700200000|
|   3|0x0000000700300000, 0x00000007003fc7d0, 0x0000000700400000| 98%| O|  |TS  0|AC  0|TAMS 0x0000000700300000, 0x0000000700300000|
|   4|0x0000000700400000, 0x0000000700500000, 0x0000000700500000|100%|HS|  |TS  0|AC  0|TAMS 0x0000000700400000, 0x0000000700400000|
|   5|0x0000000700500000, 0x0000000700600000, 0x0000000700600000|100%|HC|  |TS  0|AC  0|TAMS 0x0000000700500000, 0x0000000700500000|
|   6|0x0000000700600000, 0x0000000700700000, 0x0000000700700000|100%|HS|  |TS  0|AC  0|TAMS 0x0000000700600000, 0x0000000700600000|
|   7|0x0000000700700000, 0x00000007007fc310, 0x0000000700800000| 98%| O|  |TS  0|AC  0|TAMS 0x0000000700700000, 0x0000000700700000|
|   8|0x0000000700800000, 0x00000007008fc6b0, 0x0000000700900000| 98%| O|  |TS  0|AC  0|TAMS 0x0000000700800000, 0x0000000700800000|
|   9|0x0000000700900000, 0x00000007009fffe0, 0x0000000700a00000| 99%| O|  |TS  0|AC  0|TAMS 0x0000000700900000, 0x0000000700900000|
|  10|0x0000000700a00000, 0x0000000700afffc0, 0x0000000700b00000| 99%| O|  |TS  0|AC  0|TAMS 0x0000000700a00000, 0x0000000700a00000|
|  11|0x0000000700b00000, 0x0000000700bfffd0, 0x0000000700c00000| 99%| O|  |TS  0|AC  0|TAMS 0x0000000700b00000, 0x0000000700b00000|
|  12|0x0000000700c00000, 0x0000000700cffff8, 0x0000000700d00000| 99%| O|  |TS  0|AC  0|TAMS 0x0000000700c00000, 0x0000000700c00000|
|  13|0x0000000700d00000, 0x0000000700dfffb0, 0x0000000700e00000| 99%| O|  |TS  0|AC  0|TAMS 0x0000000700d00000, 0x0000000700d00000|
|  14|0x0000000700e00000, 0x0000000700ef6a60, 0x0000000700f00000| 96%| O|  |TS  0|AC  0|TAMS 0x0000000700e00000, 0x0000000700e00000|
|  15|0x0000000700f00000, 0x0000000700ffade0, 0x0000000701000000| 97%| O|  |TS  0|AC  0|TAMS 0x0000000700f00000, 0x0000000700f00000|
|  16|0x0000000701000000, 0x00000007010ffff8, 0x0000000701100000| 99%| O|  |TS  0|AC  0|TAMS 0x0000000701000000, 0x0000000701000000|
|  17|0x0000000701100000, 0x00000007011ff670, 0x0000000701200000| 99%| O|  |TS  0|AC  0|TAMS 0x0000000701100000, 0x0000000701100000|
|  18|0x0000000701200000, 0x000000070129c3f0, 0x0000000701300000| 61%| O|  |TS  0|AC  0|TAMS 0x0000000701200000, 0x0000000701200000|
|  19|0x0000000701300000, 0x00000007013fffd8, 0x0000000701400000| 99%| O|  |TS  0|AC  0|TAMS 0x0000000701300000, 0x0000000701300000|
|  20|0x0000000701400000, 0x00000007014fffe0, 0x0000000701500000| 99%| O|  |TS  0|AC  0|TAMS 0x0000000701400000, 0x0000000701400000|
|  21|0x0000000701500000, 0x00000007015ffff8, 0x0000000701600000| 99%| O|  |TS  0|AC  0|TAMS 0x0000000701500000, 0x0000000701500000|
|  22|0x0000000701600000, 0x00000007016ffff8, 0x0000000701700000| 99%| O|  |TS  0|AC  0|TAMS 0x0000000701600000, 0x0000000701600000|
|  23|0x0000000701700000, 0x00000007017ffff0, 0x0000000701800000| 99%| O|  |TS  0|AC  0|TAMS 0x0000000701700000, 0x0000000701700000|
|  24|0x0000000701800000, 0x00000007018ff7b8, 0x0000000701900000| 99%| O|  |TS  0|AC  0|TAMS 0x0000000701800000, 0x0000000701800000|
|  25|0x0000000701900000, 0x0000000701a00000, 0x0000000701a00000|100%| O|  |TS  0|AC  0|TAMS 0x0000000701900000, 0x0000000701900000|
|  26|0x0000000701a00000, 0x0000000701afffd8, 0x0000000701b00000| 99%| O|  |TS  0|AC  0|TAMS 0x0000000701a00000, 0x0000000701a00000|
|  27|0x0000000701b00000, 0x0000000701bffff8, 0x0000000701c00000| 99%| O|  |TS  0|AC  0|TAMS 0x0000000701b00000, 0x0000000701b00000|
|  28|0x0000000701c00000, 0x0000000701cffe90, 0x0000000701d00000| 99%| O|  |TS  0|AC  0|TAMS 0x0000000701c00000, 0x0000000701c00000|
|  29|0x0000000701d00000, 0x0000000701dfffd0, 0x0000000701e00000| 99%| O|  |TS  0|AC  0|TAMS 0x0000000701d00000, 0x0000000701d00000|
|  30|0x0000000701e00000, 0x0000000701efffe8, 0x0000000701f00000| 99%| O|  |TS  0|AC  0|TAMS 0x0000000701e00000, 0x0000000701e00000|
|  31|0x0000000701f00000, 0x0000000701fffc38, 0x0000000702000000| 99%| O|  |TS  0|AC  0|TAMS 0x0000000701f00000, 0x0000000701f00000|
|  32|0x0000000702000000, 0x00000007020ffff0, 0x0000000702100000| 99%| O|  |TS  0|AC  0|TAMS 0x0000000702000000, 0x0000000702000000|
|  33|0x0000000702100000, 0x00000007021ffff0, 0x0000000702200000| 99%| O|  |TS  0|AC  0|TAMS 0x0000000702100000, 0x0000000702100000|
|  34|0x0000000702200000, 0x00000007022fffe8, 0x0000000702300000| 99%| O|  |TS  0|AC  0|TAMS 0x0000000702200000, 0x0000000702200000|
|  35|0x0000000702300000, 0x00000007023ff9c8, 0x0000000702400000| 99%| O|  |TS  0|AC  0|TAMS 0x0000000702300000, 0x0000000702300000|
|  36|0x0000000702400000, 0x0000000702500000, 0x0000000702500000|100%| O|  |TS  0|AC  0|TAMS 0x0000000702400000, 0x0000000702400000|
|  37|0x0000000702500000, 0x0000000702600000, 0x0000000702600000|100%| O|  |TS  0|AC  0|TAMS 0x0000000702500000, 0x0000000702500000|
|  38|0x0000000702600000, 0x00000007026ffff0, 0x0000000702700000| 99%| O|  |TS  0|AC  0|TAMS 0x0000000702600000, 0x0000000702600000|
|  39|0x0000000702700000, 0x00000007027ffff8, 0x0000000702800000| 99%| O|  |TS  0|AC  0|TAMS 0x0000000702700000, 0x0000000702700000|
|  40|0x0000000702800000, 0x00000007028fff88, 0x0000000702900000| 99%| O|  |TS  0|AC  0|TAMS 0x0000000702800000, 0x0000000702800000|
|  41|0x0000000702900000, 0x00000007029ffff0, 0x0000000702a00000| 99%| O|  |TS  0|AC  0|TAMS 0x0000000702900000, 0x0000000702900000|
|  42|0x0000000702a00000, 0x0000000702b00000, 0x0000000702b00000|100%|HS|  |TS  0|AC  0|TAMS 0x0000000702a00000, 0x0000000702a00000|
|  43|0x0000000702b00000, 0x0000000702c00000, 0x0000000702c00000|100%|HC|  |TS  0|AC  0|TAMS 0x0000000702b00000, 0x0000000702b00000|
|  44|0x0000000702c00000, 0x0000000702d00000, 0x0000000702d00000|100%|HC|  |TS  0|AC  0|TAMS 0x0000000702c00000, 0x0000000702c00000|
|  45|0x0000000702d00000, 0x0000000702e00000, 0x0000000702e00000|100%|HC|  |TS  0|AC  0|TAMS 0x0000000702d00000, 0x0000000702d00000|
|  46|0x0000000702e00000, 0x0000000702f00000, 0x0000000702f00000|100%|HC|  |TS  0|AC  0|TAMS 0x0000000702e00000, 0x0000000702e00000|
|  47|0x0000000702f00000, 0x0000000703000000, 0x0000000703000000|100%|HC|  |TS  0|AC  0|TAMS 0x0000000702f00000, 0x0000000702f00000|
|  48|0x0000000703000000, 0x0000000703100000, 0x0000000703100000|100%|HC|  |TS  0|AC  0|TAMS 0x0000000703000000, 0x0000000703000000|
|  49|0x0000000703100000, 0x0000000703200000, 0x0000000703200000|100%|HC|  |TS  0|AC  0|TAMS 0x0000000703100000, 0x0000000703100000|
|  50|0x0000000703200000, 0x00000007032fffe8, 0x0000000703300000| 99%| O|  |TS  0|AC  0|TAMS 0x0000000703200000, 0x0000000703200000|
|  51|0x0000000703300000, 0x00000007033ffff8, 0x0000000703400000| 99%| O|  |TS  0|AC  0|TAMS 0x0000000703300000, 0x0000000703300000|
|  52|0x0000000703400000, 0x00000007034fffe8, 0x0000000703500000| 99%| O|  |TS  0|AC  0|TAMS 0x0000000703400000, 0x0000000703400000|
|  53|0x0000000703500000, 0x00000007035ffff8, 0x0000000703600000| 99%| O|  |TS  0|AC  0|TAMS 0x0000000703500000, 0x0000000703500000|
|  54|0x0000000703600000, 0x0000000703700000, 0x0000000703700000|100%| O|  |TS  0|AC  0|TAMS 0x0000000703600000, 0x0000000703600000|
|  55|0x0000000703700000, 0x00000007037ffb78, 0x0000000703800000| 99%| O|  |TS  0|AC  0|TAMS 0x0000000703700000, 0x0000000703700000|
|  56|0x0000000703800000, 0x00000007038ffff8, 0x0000000703900000| 99%| O|  |TS  0|AC  0|TAMS 0x0000000703800000, 0x0000000703800000|
|  57|0x0000000703900000, 0x00000007039fffe8, 0x0000000703a00000| 99%| O|  |TS  0|AC  0|TAMS 0x0000000703900000, 0x0000000703900000|
|  58|0x0000000703a00000, 0x0000000703affff8, 0x0000000703b00000| 99%| O|  |TS  0|AC  0|TAMS 0x0000000703a00000, 0x0000000703a00000|
|  59|0x0000000703b00000, 0x0000000703c00000, 0x0000000703c00000|100%| O|  |TS  0|AC  0|TAMS 0x0000000703b00000, 0x0000000703b00000|
|  60|0x0000000703c00000, 0x0000000703d00000, 0x0000000703d00000|100%| O|  |TS  0|AC  0|TAMS 0x0000000703c00000, 0x0000000703c00000|
|  61|0x0000000703d00000, 0x0000000703dfffe8, 0x0000000703e00000| 99%| O|  |TS  0|AC  0|TAMS 0x0000000703d00000, 0x0000000703d00000|
|  62|0x0000000703e00000, 0x0000000703effff8, 0x0000000703f00000| 99%| O|  |TS  0|AC  0|TAMS 0x0000000703e00000, 0x0000000703e00000|
|  63|0x0000000703f00000, 0x0000000703fffff0, 0x0000000704000000| 99%| O|  |TS  0|AC  0|TAMS 0x0000000703f00000, 0x0000000703f00000|
|  64|0x0000000704000000, 0x000000070408ff18, 0x0000000704100000| 56%| O|  |TS  0|AC  0|TAMS 0x0000000704000000, 0x0000000704000000|
|  65|0x0000000704100000, 0x0000000704100000, 0x0000000704200000|  0%| F|  |TS  0|AC  0|TAMS 0x0000000704100000, 0x0000000704100000|
|  66|0x0000000704200000, 0x0000000704200000, 0x0000000704300000|  0%| F|  |TS  0|AC  0|TAMS 0x0000000704200000, 0x0000000704200000|
|  67|0x0000000704300000, 0x0000000704400000, 0x0000000704400000|100%|HS|  |TS  0|AC  0|TAMS 0x0000000704300000, 0x0000000704300000|
|  68|0x0000000704400000, 0x0000000704500000, 0x0000000704500000|100%|HC|  |TS  0|AC  0|TAMS 0x0000000704400000, 0x0000000704400000|
|  69|0x0000000704500000, 0x0000000704500000, 0x0000000704600000|  0%| F|  |TS  0|AC  0|TAMS 0x0000000704500000, 0x0000000704500000|
|  70|0x0000000704600000, 0x0000000704700000, 0x0000000704700000|100%|HS|  |TS  0|AC  0|TAMS 0x0000000704600000, 0x0000000704600000|
|  71|0x0000000704700000, 0x0000000704800000, 0x0000000704800000|100%|HS|  |TS  0|AC  0|TAMS 0x0000000704700000, 0x0000000704700000|
|  72|0x0000000704800000, 0x0000000704900000, 0x0000000704900000|100%|HC|  |TS  0|AC  0|TAMS 0x0000000704800000, 0x0000000704800000|
|  73|0x0000000704900000, 0x0000000704a00000, 0x0000000704a00000|100%|HC|  |TS  0|AC  0|TAMS 0x0000000704900000, 0x0000000704900000|
|  74|0x0000000704a00000, 0x0000000704b00000, 0x0000000704b00000|100%|HC|  |TS  0|AC  0|TAMS 0x0000000704a00000, 0x0000000704a00000|
|  75|0x0000000704b00000, 0x0000000704c00000, 0x0000000704c00000|100%|HC|  |TS  0|AC  0|TAMS 0x0000000704b00000, 0x0000000704b00000|
|  76|0x0000000704c00000, 0x0000000704c00000, 0x0000000704d00000|  0%| F|  |TS  0|AC  0|TAMS 0x0000000704c00000, 0x0000000704c00000|
|  77|0x0000000704d00000, 0x0000000704d00000, 0x0000000704e00000|  0%| F|  |TS  0|AC  0|TAMS 0x0000000704d00000, 0x0000000704d00000|
|  78|0x0000000704e00000, 0x0000000704e00000, 0x0000000704f00000|  0%| F|  |TS  0|AC  0|TAMS 0x0000000704e00000, 0x0000000704e00000|
|  79|0x0000000704f00000, 0x0000000704f00000, 0x0000000705000000|  0%| F|  |TS  0|AC  0|TAMS 0x0000000704f00000, 0x0000000704f00000|
|  80|0x0000000705000000, 0x0000000705000000, 0x0000000705100000|  0%| F|  |TS  0|AC  0|TAMS 0x0000000705000000, 0x0000000705000000|
|  81|0x0000000705100000, 0x0000000705100000, 0x0000000705200000|  0%| F|  |TS  0|AC  0|TAMS 0x0000000705100000, 0x0000000705100000|
|  82|0x0000000705200000, 0x0000000705200000, 0x0000000705300000|  0%| F|  |TS  0|AC  0|TAMS 0x0000000705200000, 0x0000000705200000|
|  83|0x0000000705300000, 0x0000000705300000, 0x0000000705400000|  0%| F|  |TS  0|AC  0|TAMS 0x0000000705300000, 0x0000000705300000|
|  84|0x0000000705400000, 0x0000000705400000, 0x0000000705500000|  0%| F|  |TS  0|AC  0|TAMS 0x0000000705400000, 0x0000000705400000|
|  85|0x0000000705500000, 0x0000000705500000, 0x0000000705600000|  0%| F|  |TS  0|AC  0|TAMS 0x0000000705500000, 0x0000000705500000|
|  86|0x0000000705600000, 0x0000000705600000, 0x0000000705700000|  0%| F|  |TS  0|AC  0|TAMS 0x0000000705600000, 0x0000000705600000|
|  87|0x0000000705700000, 0x0000000705700000, 0x0000000705800000|  0%| F|  |TS  0|AC  0|TAMS 0x0000000705700000, 0x0000000705700000|
|  88|0x0000000705800000, 0x0000000705800000, 0x0000000705900000|  0%| F|  |TS  0|AC  0|TAMS 0x0000000705800000, 0x0000000705800000|
|  89|0x0000000705900000, 0x0000000705900000, 0x0000000705a00000|  0%| F|  |TS  0|AC  0|TAMS 0x0000000705900000, 0x0000000705900000|
|  90|0x0000000705a00000, 0x0000000705a00000, 0x0000000705b00000|  0%| F|  |TS  0|AC  0|TAMS 0x0000000705a00000, 0x0000000705a00000|
|  91|0x0000000705b00000, 0x0000000705b00000, 0x0000000705c00000|  0%| F|  |TS  0|AC  0|TAMS 0x0000000705b00000, 0x0000000705b00000|
|  92|0x0000000705c00000, 0x0000000705c00000, 0x0000000705d00000|  0%| F|  |TS  0|AC  0|TAMS 0x0000000705c00000, 0x0000000705c00000|
|  93|0x0000000705d00000, 0x0000000705d00000, 0x0000000705e00000|  0%| F|  |TS  0|AC  0|TAMS 0x0000000705d00000, 0x0000000705d00000|
|  94|0x0000000705e00000, 0x0000000705e00000, 0x0000000705f00000|  0%| F|  |TS  0|AC  0|TAMS 0x0000000705e00000, 0x0000000705e00000|
|  95|0x0000000705f00000, 0x0000000705f00000, 0x0000000706000000|  0%| F|  |TS  0|AC  0|TAMS 0x0000000705f00000, 0x0000000705f00000|
|  96|0x0000000706000000, 0x0000000706000000, 0x0000000706100000|  0%| F|  |TS  0|AC  0|TAMS 0x0000000706000000, 0x0000000706000000|
|  97|0x0000000706100000, 0x0000000706100000, 0x0000000706200000|  0%| F|  |TS  0|AC  0|TAMS 0x0000000706100000, 0x0000000706100000|
|  98|0x0000000706200000, 0x0000000706200000, 0x0000000706300000|  0%| F|  |TS  0|AC  0|TAMS 0x0000000706200000, 0x0000000706200000|
|  99|0x0000000706300000, 0x0000000706300000, 0x0000000706400000|  0%| F|  |TS  0|AC  0|TAMS 0x0000000706300000, 0x0000000706300000|
| 100|0x0000000706400000, 0x0000000706400000, 0x0000000706500000|  0%| F|  |TS  0|AC  0|TAMS 0x0000000706400000, 0x0000000706400000|
| 101|0x0000000706500000, 0x0000000706500000, 0x0000000706600000|  0%| F|  |TS  0|AC  0|TAMS 0x0000000706500000, 0x0000000706500000|
| 102|0x0000000706600000, 0x0000000706600000, 0x0000000706700000|  0%| F|  |TS  0|AC  0|TAMS 0x0000000706600000, 0x0000000706600000|
| 103|0x0000000706700000, 0x0000000706700000, 0x0000000706800000|  0%| F|  |TS  0|AC  0|TAMS 0x0000000706700000, 0x0000000706700000|
| 104|0x0000000706800000, 0x0000000706800000, 0x0000000706900000|  0%| F|  |TS  0|AC  0|TAMS 0x0000000706800000, 0x0000000706800000|
| 105|0x0000000706900000, 0x0000000706900000, 0x0000000706a00000|  0%| F|  |TS  0|AC  0|TAMS 0x0000000706900000, 0x0000000706900000|
| 106|0x0000000706a00000, 0x0000000706a00000, 0x0000000706b00000|  0%| F|  |TS  0|AC  0|TAMS 0x0000000706a00000, 0x0000000706a00000|
| 107|0x0000000706b00000, 0x0000000706b00000, 0x0000000706c00000|  0%| F|  |TS  0|AC  0|TAMS 0x0000000706b00000, 0x0000000706b00000|
| 108|0x0000000706c00000, 0x0000000706c00000, 0x0000000706d00000|  0%| F|  |TS  0|AC  0|TAMS 0x0000000706c00000, 0x0000000706c00000|
| 109|0x0000000706d00000, 0x0000000706d00000, 0x0000000706e00000|  0%| F|  |TS  0|AC  0|TAMS 0x0000000706d00000, 0x0000000706d00000|
| 110|0x0000000706e00000, 0x0000000706e00000, 0x0000000706f00000|  0%| F|  |TS  0|AC  0|TAMS 0x0000000706e00000, 0x0000000706e00000|
| 111|0x0000000706f00000, 0x0000000706f00000, 0x0000000707000000|  0%| F|  |TS  0|AC  0|TAMS 0x0000000706f00000, 0x0000000706f00000|
| 112|0x0000000707000000, 0x0000000707000000, 0x0000000707100000|  0%| F|  |TS  0|AC  0|TAMS 0x0000000707000000, 0x0000000707000000|
| 113|0x0000000707100000, 0x0000000707100000, 0x0000000707200000|  0%| F|  |TS  0|AC  0|TAMS 0x0000000707100000, 0x0000000707100000|
| 114|0x0000000707200000, 0x0000000707200000, 0x0000000707300000|  0%| F|  |TS  0|AC  0|TAMS 0x0000000707200000, 0x0000000707200000|
| 115|0x0000000707300000, 0x0000000707300000, 0x0000000707400000|  0%| F|  |TS  0|AC  0|TAMS 0x0000000707300000, 0x0000000707300000|
| 116|0x0000000707400000, 0x0000000707400000, 0x0000000707500000|  0%| F|  |TS  0|AC  0|TAMS 0x0000000707400000, 0x0000000707400000|
| 117|0x0000000707500000, 0x0000000707500000, 0x0000000707600000|  0%| F|  |TS  0|AC  0|TAMS 0x0000000707500000, 0x0000000707500000|
| 118|0x0000000707600000, 0x0000000707600000, 0x0000000707700000|  0%| F|  |TS  0|AC  0|TAMS 0x0000000707600000, 0x0000000707600000|
| 119|0x0000000707700000, 0x0000000707700000, 0x0000000707800000|  0%| F|  |TS  0|AC  0|TAMS 0x0000000707700000, 0x0000000707700000|
| 120|0x0000000707800000, 0x0000000707800000, 0x0000000707900000|  0%| F|  |TS  0|AC  0|TAMS 0x0000000707800000, 0x0000000707800000|
| 121|0x0000000707900000, 0x0000000707900000, 0x0000000707a00000|  0%| F|  |TS  0|AC  0|TAMS 0x0000000707900000, 0x0000000707900000|
| 122|0x0000000707a00000, 0x0000000707a00000, 0x0000000707b00000|  0%| F|  |TS  0|AC  0|TAMS 0x0000000707a00000, 0x0000000707a00000|
| 123|0x0000000707b00000, 0x0000000707b00000, 0x0000000707c00000|  0%| F|  |TS  0|AC  0|TAMS 0x0000000707b00000, 0x0000000707b00000|
| 124|0x0000000707c00000, 0x0000000707c00000, 0x0000000707d00000|  0%| F|  |TS  0|AC  0|TAMS 0x0000000707c00000, 0x0000000707c00000|
| 125|0x0000000707d00000, 0x0000000707d00000, 0x0000000707e00000|  0%| F|  |TS  0|AC  0|TAMS 0x0000000707d00000, 0x0000000707d00000|
| 126|0x0000000707e00000, 0x0000000707e00000, 0x0000000707f00000|  0%| F|  |TS  0|AC  0|TAMS 0x0000000707e00000, 0x0000000707e00000|
| 127|0x0000000707f00000, 0x0000000707f00000, 0x0000000708000000|  0%| F|  |TS  0|AC  0|TAMS 0x0000000707f00000, 0x0000000707f00000|
| 128|0x0000000708000000, 0x0000000708000000, 0x0000000708100000|  0%| F|  |TS  0|AC  0|TAMS 0x0000000708000000, 0x0000000708000000|
| 129|0x0000000708100000, 0x0000000708100000, 0x0000000708200000|  0%| F|  |TS  0|AC  0|TAMS 0x0000000708100000, 0x0000000708100000|
| 130|0x0000000708200000, 0x0000000708200000, 0x0000000708300000|  0%| F|  |TS  0|AC  0|TAMS 0x0000000708200000, 0x0000000708200000|
| 131|0x0000000708300000, 0x0000000708300000, 0x0000000708400000|  0%| F|  |TS  0|AC  0|TAMS 0x0000000708300000, 0x0000000708300000|
| 132|0x0000000708400000, 0x0000000708400000, 0x0000000708500000|  0%| F|  |TS  0|AC  0|TAMS 0x0000000708400000, 0x0000000708400000|
| 133|0x0000000708500000, 0x0000000708500000, 0x0000000708600000|  0%| F|  |TS  0|AC  0|TAMS 0x0000000708500000, 0x0000000708500000|
| 134|0x0000000708600000, 0x0000000708600000, 0x0000000708700000|  0%| F|  |TS  0|AC  0|TAMS 0x0000000708600000, 0x0000000708600000|
| 135|0x0000000708700000, 0x0000000708700000, 0x0000000708800000|  0%| F|  |TS  0|AC  0|TAMS 0x0000000708700000, 0x0000000708700000|
| 136|0x0000000708800000, 0x0000000708800000, 0x0000000708900000|  0%| F|  |TS  0|AC  0|TAMS 0x0000000708800000, 0x0000000708800000|
| 137|0x0000000708900000, 0x0000000708900000, 0x0000000708a00000|  0%| F|  |TS  0|AC  0|TAMS 0x0000000708900000, 0x0000000708900000|
| 138|0x0000000708a00000, 0x0000000708a00000, 0x0000000708b00000|  0%| F|  |TS  0|AC  0|TAMS 0x0000000708a00000, 0x0000000708a00000|
| 139|0x0000000708b00000, 0x0000000708b00000, 0x0000000708c00000|  0%| F|  |TS  0|AC  0|TAMS 0x0000000708b00000, 0x0000000708b00000|
| 140|0x0000000708c00000, 0x0000000708c00000, 0x0000000708d00000|  0%| F|  |TS  0|AC  0|TAMS 0x0000000708c00000, 0x0000000708c00000|
| 141|0x0000000708d00000, 0x0000000708d00000, 0x0000000708e00000|  0%| F|  |TS  0|AC  0|TAMS 0x0000000708d00000, 0x0000000708d00000|
| 142|0x0000000708e00000, 0x0000000708e00000, 0x0000000708f00000|  0%| F|  |TS  0|AC  0|TAMS 0x0000000708e00000, 0x0000000708e00000|
| 143|0x0000000708f00000, 0x0000000708f00000, 0x0000000709000000|  0%| F|  |TS  0|AC  0|TAMS 0x0000000708f00000, 0x0000000708f00000|
| 144|0x0000000709000000, 0x0000000709000000, 0x0000000709100000|  0%| F|  |TS  0|AC  0|TAMS 0x0000000709000000, 0x0000000709000000|
| 145|0x0000000709100000, 0x0000000709100000, 0x0000000709200000|  0%| F|  |TS  0|AC  0|TAMS 0x0000000709100000, 0x0000000709100000|
| 146|0x0000000709200000, 0x0000000709200000, 0x0000000709300000|  0%| F|  |TS  0|AC  0|TAMS 0x0000000709200000, 0x0000000709200000|
| 147|0x0000000709300000, 0x0000000709300000, 0x0000000709400000|  0%| F|  |TS  0|AC  0|TAMS 0x0000000709300000, 0x0000000709300000|
| 148|0x0000000709400000, 0x0000000709400000, 0x0000000709500000|  0%| F|  |TS  0|AC  0|TAMS 0x0000000709400000, 0x0000000709400000|
| 149|0x0000000709500000, 0x0000000709500000, 0x0000000709600000|  0%| F|  |TS  0|AC  0|TAMS 0x0000000709500000, 0x0000000709500000|
| 150|0x0000000709600000, 0x0000000709600000, 0x0000000709700000|  0%| F|  |TS  0|AC  0|TAMS 0x0000000709600000, 0x0000000709600000|
| 151|0x0000000709700000, 0x0000000709700000, 0x0000000709800000|  0%| F|  |TS  0|AC  0|TAMS 0x0000000709700000, 0x0000000709700000|
| 152|0x0000000709800000, 0x0000000709800000, 0x0000000709900000|  0%| F|  |TS  0|AC  0|TAMS 0x0000000709800000, 0x0000000709800000|
| 153|0x0000000709900000, 0x0000000709900000, 0x0000000709a00000|  0%| F|  |TS  0|AC  0|TAMS 0x0000000709900000, 0x0000000709900000|
| 154|0x0000000709a00000, 0x0000000709a00000, 0x0000000709b00000|  0%| F|  |TS  0|AC  0|TAMS 0x0000000709a00000, 0x0000000709a00000|
| 155|0x0000000709b00000, 0x0000000709b00000, 0x0000000709c00000|  0%| F|  |TS  0|AC  0|TAMS 0x0000000709b00000, 0x0000000709b00000|
| 156|0x0000000709c00000, 0x0000000709c00000, 0x0000000709d00000|  0%| F|  |TS  0|AC  0|TAMS 0x0000000709c00000, 0x0000000709c00000|
| 157|0x0000000709d00000, 0x0000000709d00000, 0x0000000709e00000|  0%| F|  |TS  0|AC  0|TAMS 0x0000000709d00000, 0x0000000709d00000|
| 158|0x0000000709e00000, 0x0000000709e00000, 0x0000000709f00000|  0%| F|  |TS  0|AC  0|TAMS 0x0000000709e00000, 0x0000000709e00000|
| 159|0x0000000709f00000, 0x0000000709f00000, 0x000000070a000000|  0%| F|  |TS  0|AC  0|TAMS 0x0000000709f00000, 0x0000000709f00000|
| 160|0x000000070a000000, 0x000000070a000000, 0x000000070a100000|  0%| F|  |TS  0|AC  0|TAMS 0x000000070a000000, 0x000000070a000000|
| 161|0x000000070a100000, 0x000000070a100000, 0x000000070a200000|  0%| F|  |TS  0|AC  0|TAMS 0x000000070a100000, 0x000000070a100000|
| 162|0x000000070a200000, 0x000000070a200000, 0x000000070a300000|  0%| F|  |TS  0|AC  0|TAMS 0x000000070a200000, 0x000000070a200000|
| 163|0x000000070a300000, 0x000000070a300000, 0x000000070a400000|  0%| F|  |TS  0|AC  0|TAMS 0x000000070a300000, 0x000000070a300000|
| 164|0x000000070a400000, 0x000000070a400000, 0x000000070a500000|  0%| F|  |TS  0|AC  0|TAMS 0x000000070a400000, 0x000000070a400000|
| 165|0x000000070a500000, 0x000000070a500000, 0x000000070a600000|  0%| F|  |TS  0|AC  0|TAMS 0x000000070a500000, 0x000000070a500000|
| 166|0x000000070a600000, 0x000000070a600000, 0x000000070a700000|  0%| F|  |TS  0|AC  0|TAMS 0x000000070a600000, 0x000000070a600000|
| 167|0x000000070a700000, 0x000000070a700000, 0x000000070a800000|  0%| F|  |TS  0|AC  0|TAMS 0x000000070a700000, 0x000000070a700000|
| 168|0x000000070a800000, 0x000000070a800000, 0x000000070a900000|  0%| F|  |TS  0|AC  0|TAMS 0x000000070a800000, 0x000000070a800000|
| 169|0x000000070a900000, 0x000000070a900000, 0x000000070aa00000|  0%| F|  |TS  0|AC  0|TAMS 0x000000070a900000, 0x000000070a900000|
| 170|0x000000070aa00000, 0x000000070aa00000, 0x000000070ab00000|  0%| F|  |TS  0|AC  0|TAMS 0x000000070aa00000, 0x000000070aa00000|
| 171|0x000000070ab00000, 0x000000070ab00000, 0x000000070ac00000|  0%| F|  |TS  0|AC  0|TAMS 0x000000070ab00000, 0x000000070ab00000|
| 172|0x000000070ac00000, 0x000000070ac00000, 0x000000070ad00000|  0%| F|  |TS  0|AC  0|TAMS 0x000000070ac00000, 0x000000070ac00000|
| 173|0x000000070ad00000, 0x000000070ad00000, 0x000000070ae00000|  0%| F|  |TS  0|AC  0|TAMS 0x000000070ad00000, 0x000000070ad00000|
| 174|0x000000070ae00000, 0x000000070ae00000, 0x000000070af00000|  0%| F|  |TS  0|AC  0|TAMS 0x000000070ae00000, 0x000000070ae00000|
| 175|0x000000070af00000, 0x000000070af00000, 0x000000070b000000|  0%| F|  |TS  0|AC  0|TAMS 0x000000070af00000, 0x000000070af00000|
| 176|0x000000070b000000, 0x000000070b000000, 0x000000070b100000|  0%| F|  |TS  0|AC  0|TAMS 0x000000070b000000, 0x000000070b000000|
| 177|0x000000070b100000, 0x000000070b100000, 0x000000070b200000|  0%| F|  |TS  0|AC  0|TAMS 0x000000070b100000, 0x000000070b100000|
| 178|0x000000070b200000, 0x000000070b200000, 0x000000070b300000|  0%| F|  |TS  0|AC  0|TAMS 0x000000070b200000, 0x000000070b200000|
| 179|0x000000070b300000, 0x000000070b300000, 0x000000070b400000|  0%| F|  |TS  3|AC  0|TAMS 0x000000070b300000, 0x000000070b300000|
| 180|0x000000070b400000, 0x000000070b4c8e28, 0x000000070b500000| 78%| S|CS|TS  3|AC  0|TAMS 0x000000070b400000, 0x000000070b400000|
| 181|0x000000070b500000, 0x000000070b500000, 0x000000070b600000|  0%| F|  |TS  3|AC  0|TAMS 0x000000070b500000, 0x000000070b500000|
| 182|0x000000070b600000, 0x000000070b600000, 0x000000070b700000|  0%| F|  |TS  3|AC  0|TAMS 0x000000070b600000, 0x000000070b600000|
| 183|0x000000070b700000, 0x000000070b700000, 0x000000070b800000|  0%| F|  |TS  3|AC  0|TAMS 0x000000070b700000, 0x000000070b700000|
| 184|0x000000070b800000, 0x000000070b800000, 0x000000070b900000|  0%| F|  |TS  3|AC  0|TAMS 0x000000070b800000, 0x000000070b800000|
| 185|0x000000070b900000, 0x000000070b900000, 0x000000070ba00000|  0%| F|  |TS  3|AC  0|TAMS 0x000000070b900000, 0x000000070b900000|
| 186|0x000000070ba00000, 0x000000070ba00000, 0x000000070bb00000|  0%| F|  |TS  3|AC  0|TAMS 0x000000070ba00000, 0x000000070ba00000|
| 187|0x000000070bb00000, 0x000000070bb00000, 0x000000070bc00000|  0%| F|  |TS  3|AC  0|TAMS 0x000000070bb00000, 0x000000070bb00000|
| 188|0x000000070bc00000, 0x000000070bc00000, 0x000000070bd00000|  0%| F|  |TS  3|AC  0|TAMS 0x000000070bc00000, 0x000000070bc00000|
| 189|0x000000070bd00000, 0x000000070bd00000, 0x000000070be00000|  0%| F|  |TS  3|AC  0|TAMS 0x000000070bd00000, 0x000000070bd00000|
| 190|0x000000070be00000, 0x000000070be00000, 0x000000070bf00000|  0%| F|  |TS  3|AC  0|TAMS 0x000000070be00000, 0x000000070be00000|
| 191|0x000000070bf00000, 0x000000070bf00000, 0x000000070c000000|  0%| F|  |TS  3|AC  0|TAMS 0x000000070bf00000, 0x000000070bf00000|
| 192|0x000000070c000000, 0x000000070c000000, 0x000000070c100000|  0%| F|  |TS  3|AC  0|TAMS 0x000000070c000000, 0x000000070c000000|
| 193|0x000000070c100000, 0x000000070c100000, 0x000000070c200000|  0%| F|  |TS  3|AC  0|TAMS 0x000000070c100000, 0x000000070c100000|
| 194|0x000000070c200000, 0x000000070c200000, 0x000000070c300000|  0%| F|  |TS  3|AC  0|TAMS 0x000000070c200000, 0x000000070c200000|
| 195|0x000000070c300000, 0x000000070c300000, 0x000000070c400000|  0%| F|  |TS  3|AC  0|TAMS 0x000000070c300000, 0x000000070c300000|
| 196|0x000000070c400000, 0x000000070c400000, 0x000000070c500000|  0%| F|  |TS  3|AC  0|TAMS 0x000000070c400000, 0x000000070c400000|
| 197|0x000000070c500000, 0x000000070c500000, 0x000000070c600000|  0%| F|  |TS  3|AC  0|TAMS 0x000000070c500000, 0x000000070c500000|
| 198|0x000000070c600000, 0x000000070c600000, 0x000000070c700000|  0%| F|  |TS  3|AC  0|TAMS 0x000000070c600000, 0x000000070c600000|
| 199|0x000000070c700000, 0x000000070c700000, 0x000000070c800000|  0%| F|  |TS  3|AC  0|TAMS 0x000000070c700000, 0x000000070c700000|
| 200|0x000000070c800000, 0x000000070c800000, 0x000000070c900000|  0%| F|  |TS  3|AC  0|TAMS 0x000000070c800000, 0x000000070c800000|
| 201|0x000000070c900000, 0x000000070c900000, 0x000000070ca00000|  0%| F|  |TS  3|AC  0|TAMS 0x000000070c900000, 0x000000070c900000|
| 202|0x000000070ca00000, 0x000000070ca00000, 0x000000070cb00000|  0%| F|  |TS  3|AC  0|TAMS 0x000000070ca00000, 0x000000070ca00000|
| 203|0x000000070cb00000, 0x000000070cb00000, 0x000000070cc00000|  0%| F|  |TS  3|AC  0|TAMS 0x000000070cb00000, 0x000000070cb00000|
| 204|0x000000070cc00000, 0x000000070cc00000, 0x000000070cd00000|  0%| F|  |TS  3|AC  0|TAMS 0x000000070cc00000, 0x000000070cc00000|
| 205|0x000000070cd00000, 0x000000070cd00000, 0x000000070ce00000|  0%| F|  |TS  3|AC  0|TAMS 0x000000070cd00000, 0x000000070cd00000|
| 206|0x000000070ce00000, 0x000000070ce00000, 0x000000070cf00000|  0%| F|  |TS  3|AC  0|TAMS 0x000000070ce00000, 0x000000070ce00000|
| 207|0x000000070cf00000, 0x000000070cf00000, 0x000000070d000000|  0%| F|  |TS  3|AC  0|TAMS 0x000000070cf00000, 0x000000070cf00000|
| 208|0x000000070d000000, 0x000000070d000000, 0x000000070d100000|  0%| F|  |TS  3|AC  0|TAMS 0x000000070d000000, 0x000000070d000000|
| 209|0x000000070d100000, 0x000000070d100000, 0x000000070d200000|  0%| F|  |TS  3|AC  0|TAMS 0x000000070d100000, 0x000000070d100000|
| 210|0x000000070d200000, 0x000000070d22d7f8, 0x000000070d300000| 17%| E|  |TS  3|AC  0|TAMS 0x000000070d200000, 0x000000070d200000|
| 211|0x000000070d300000, 0x000000070d400000, 0x000000070d400000|100%| E|CS|TS  3|AC  0|TAMS 0x000000070d300000, 0x000000070d300000|
| 212|0x000000070d400000, 0x000000070d500000, 0x000000070d500000|100%| E|CS|TS  3|AC  0|TAMS 0x000000070d400000, 0x000000070d400000|
| 213|0x000000070d500000, 0x000000070d600000, 0x000000070d600000|100%| E|CS|TS  3|AC  0|TAMS 0x000000070d500000, 0x000000070d500000|
| 214|0x000000070d600000, 0x000000070d700000, 0x000000070d700000|100%| E|CS|TS  3|AC  0|TAMS 0x000000070d600000, 0x000000070d600000|
| 215|0x000000070d700000, 0x000000070d800000, 0x000000070d800000|100%| E|CS|TS  3|AC  0|TAMS 0x000000070d700000, 0x000000070d700000|
| 216|0x000000070d800000, 0x000000070d900000, 0x000000070d900000|100%| E|CS|TS  3|AC  0|TAMS 0x000000070d800000, 0x000000070d800000|
| 217|0x000000070d900000, 0x000000070da00000, 0x000000070da00000|100%| E|CS|TS  3|AC  0|TAMS 0x000000070d900000, 0x000000070d900000|
| 218|0x000000070da00000, 0x000000070db00000, 0x000000070db00000|100%| E|CS|TS  3|AC  0|TAMS 0x000000070da00000, 0x000000070da00000|
| 219|0x000000070db00000, 0x000000070dc00000, 0x000000070dc00000|100%| E|CS|TS  3|AC  0|TAMS 0x000000070db00000, 0x000000070db00000|
| 220|0x000000070dc00000, 0x000000070dd00000, 0x000000070dd00000|100%| E|CS|TS  3|AC  0|TAMS 0x000000070dc00000, 0x000000070dc00000|
| 221|0x000000070dd00000, 0x000000070de00000, 0x000000070de00000|100%| E|CS|TS  3|AC  0|TAMS 0x000000070dd00000, 0x000000070dd00000|
| 222|0x000000070de00000, 0x000000070df00000, 0x000000070df00000|100%| E|CS|TS  3|AC  0|TAMS 0x000000070de00000, 0x000000070de00000|
| 223|0x000000070df00000, 0x000000070e000000, 0x000000070e000000|100%| E|CS|TS  3|AC  0|TAMS 0x000000070df00000, 0x000000070df00000|
| 224|0x000000070e000000, 0x000000070e100000, 0x000000070e100000|100%| E|CS|TS  3|AC  0|TAMS 0x000000070e000000, 0x000000070e000000|
| 225|0x000000070e100000, 0x000000070e200000, 0x000000070e200000|100%| E|CS|TS  3|AC  0|TAMS 0x000000070e100000, 0x000000070e100000|
| 226|0x000000070e200000, 0x000000070e300000, 0x000000070e300000|100%| E|CS|TS  3|AC  0|TAMS 0x000000070e200000, 0x000000070e200000|
| 227|0x000000070e300000, 0x000000070e400000, 0x000000070e400000|100%| E|CS|TS  3|AC  0|TAMS 0x000000070e300000, 0x000000070e300000|
| 228|0x000000070e400000, 0x000000070e500000, 0x000000070e500000|100%| E|CS|TS  3|AC  0|TAMS 0x000000070e400000, 0x000000070e400000|
| 229|0x000000070e500000, 0x000000070e600000, 0x000000070e600000|100%| E|CS|TS  3|AC  0|TAMS 0x000000070e500000, 0x000000070e500000|
| 230|0x000000070e600000, 0x000000070e700000, 0x000000070e700000|100%| E|CS|TS  3|AC  0|TAMS 0x000000070e600000, 0x000000070e600000|
| 231|0x000000070e700000, 0x000000070e800000, 0x000000070e800000|100%| E|CS|TS  3|AC  0|TAMS 0x000000070e700000, 0x000000070e700000|
| 232|0x000000070e800000, 0x000000070e900000, 0x000000070e900000|100%| E|CS|TS  3|AC  0|TAMS 0x000000070e800000, 0x000000070e800000|
| 233|0x000000070e900000, 0x000000070ea00000, 0x000000070ea00000|100%| E|CS|TS  3|AC  0|TAMS 0x000000070e900000, 0x000000070e900000|
| 234|0x000000070ea00000, 0x000000070eb00000, 0x000000070eb00000|100%| E|CS|TS  3|AC  0|TAMS 0x000000070ea00000, 0x000000070ea00000|
| 235|0x000000070eb00000, 0x000000070ec00000, 0x000000070ec00000|100%| E|CS|TS  3|AC  0|TAMS 0x000000070eb00000, 0x000000070eb00000|
| 236|0x000000070ec00000, 0x000000070ed00000, 0x000000070ed00000|100%| E|CS|TS  3|AC  0|TAMS 0x000000070ec00000, 0x000000070ec00000|
| 237|0x000000070ed00000, 0x000000070ee00000, 0x000000070ee00000|100%| E|CS|TS  3|AC  0|TAMS 0x000000070ed00000, 0x000000070ed00000|
| 238|0x000000070ee00000, 0x000000070ef00000, 0x000000070ef00000|100%| E|CS|TS  3|AC  0|TAMS 0x000000070ee00000, 0x000000070ee00000|
| 239|0x000000070ef00000, 0x000000070f000000, 0x000000070f000000|100%| E|CS|TS  3|AC  0|TAMS 0x000000070ef00000, 0x000000070ef00000|

Card table byte_map: [0x0000026276bc0000,0x00000262771c0000] byte_map_base: 0x00000262733c0000

Marking Bits (Prev, Next): (CMBitMap*) 0x000002626be3b828, (CMBitMap*) 0x000002626be3b7f0
 Prev Bits: [0x000002627a7c0000, 0x000002627d7c0000)
 Next Bits: [0x00000262777c0000, 0x000002627a7c0000)

Polling page: 0x0000026263a10000

CodeHeap 'non-profiled nmethods': size=120000Kb used=27165Kb max_used=27165Kb free=92834Kb
 bounds [0x0000026207ad0000, 0x0000026209560000, 0x000002620f000000]
CodeHeap 'profiled nmethods': size=120000Kb used=44162Kb max_used=45389Kb free=75837Kb
 bounds [0x00000262005a0000, 0x0000026203310000, 0x0000026207ad0000]
CodeHeap 'non-nmethods': size=5760Kb used=1787Kb max_used=1850Kb free=3972Kb
 bounds [0x0000026200000000, 0x0000026200270000, 0x00000262005a0000]
 total_blobs=39005 nmethods=19316 adapters=1108
 compilation: enabled

Compilation events (10 events):
Event: 7785.354 Thread 0x000002626c1b4800 26169   !   3       java.awt.DefaultKeyboardFocusManager::sendMessage (145 bytes)
Event: 7785.356 Thread 0x000002626c1b4800 nmethod 26169 0x0000026201dffb10 code [0x0000026201dffde0, 0x0000026201e00e60]
Event: 7785.356 Thread 0x000002626c1b4800 26170       3       java.awt.DefaultKeyboardFocusManager$DefaultKeyboardFocusManagerSentEvent::<init> (7 bytes)
Event: 7785.357 Thread 0x000002626c1b4800 nmethod 26170 0x0000026201e0fb90 code [0x0000026201e0fde0, 0x0000026201e10960]
Event: 7785.357 Thread 0x000002626c1b4800 26171       3       java.awt.DefaultKeyboardFocusManager::access$110 (12 bytes)
Event: 7785.357 Thread 0x000002626c1b4800 nmethod 26171 0x0000026201b23f10 code [0x0000026201b240c0, 0x0000026201b24218]
Event: 7785.363 Thread 0x000002626c1b4800 26172       3       javax.swing.DefaultListSelectionModel::clear (162 bytes)
Event: 7785.363 Thread 0x000002626c1b4800 nmethod 26172 0x0000026201be1b90 code [0x0000026201be1de0, 0x0000026201be26e0]
Event: 7786.634 Thread 0x000002626e1d6000 26173       4       de.javasoft.plaf.synthetica.painter.ComboBoxPainter::getInstance (36 bytes)
Event: 7786.662 Thread 0x000002626e1d6000 nmethod 26173 0x0000026209559510 code [0x0000026209559780, 0x000002620955a770]

GC Heap History (10 events):
Event: 7773.804 GC heap before
{Heap before GC invocations=1091 (full 607):
 garbage-first heap   total 246784K, used 75797K [0x0000000700000000, 0x0000000700100788, 0x00000007c0000000)
  region size 1024K, 3 young (3072K), 0 survivors (0K)
 Metaspace       used 85522K, capacity 87279K, committed 94844K, reserved 1130496K
  class space    used 11017K, capacity 11392K, committed 12924K, reserved 1048576K
}
Event: 7774.051 GC heap after
{Heap after GC invocations=1092 (full 608):
 garbage-first heap   total 245760K, used 73611K [0x0000000700000000, 0x0000000700100780, 0x00000007c0000000)
  region size 1024K, 0 young (0K), 0 survivors (0K)
 Metaspace       used 85522K, capacity 87279K, committed 94844K, reserved 1130496K
  class space    used 11017K, capacity 11392K, committed 12924K, reserved 1048576K
}
Event: 7774.166 GC heap before
{Heap before GC invocations=1092 (full 608):
 garbage-first heap   total 245760K, used 75659K [0x0000000700000000, 0x0000000700100780, 0x00000007c0000000)
  region size 1024K, 3 young (3072K), 0 survivors (0K)
 Metaspace       used 85522K, capacity 87279K, committed 94844K, reserved 1130496K
  class space    used 11017K, capacity 11392K, committed 12924K, reserved 1048576K
}
Event: 7774.373 GC heap after
{Heap after GC invocations=1093 (full 609):
 garbage-first heap   total 245760K, used 73608K [0x0000000700000000, 0x0000000700100780, 0x00000007c0000000)
  region size 1024K, 0 young (0K), 0 survivors (0K)
 Metaspace       used 85522K, capacity 87279K, committed 94844K, reserved 1130496K
  class space    used 11017K, capacity 11392K, committed 12924K, reserved 1048576K
}
Event: 7776.806 GC heap before
{Heap before GC invocations=1093 (full 609):
 garbage-first heap   total 245760K, used 98184K [0x0000000700000000, 0x0000000700100780, 0x00000007c0000000)
  region size 1024K, 25 young (25600K), 0 survivors (0K)
 Metaspace       used 85522K, capacity 87279K, committed 94844K, reserved 1130496K
  class space    used 11017K, capacity 11392K, committed 12924K, reserved 1048576K
}
Event: 7777.022 GC heap after
{Heap after GC invocations=1094 (full 610):
 garbage-first heap   total 245760K, used 73557K [0x0000000700000000, 0x0000000700100780, 0x00000007c0000000)
  region size 1024K, 0 young (0K), 0 survivors (0K)
 Metaspace       used 85522K, capacity 87279K, committed 94844K, reserved 1130496K
  class space    used 11017K, capacity 11392K, committed 12924K, reserved 1048576K
}
Event: 7779.024 GC heap before
{Heap before GC invocations=1094 (full 610):
 garbage-first heap   total 245760K, used 134997K [0x0000000700000000, 0x0000000700100780, 0x00000007c0000000)
  region size 1024K, 60 young (61440K), 0 survivors (0K)
 Metaspace       used 85522K, capacity 87279K, committed 94844K, reserved 1130496K
  class space    used 11017K, capacity 11392K, committed 12924K, reserved 1048576K
}
Event: 7779.028 GC heap after
{Heap after GC invocations=1095 (full 610):
 garbage-first heap   total 245760K, used 74000K [0x0000000700000000, 0x0000000700100780, 0x00000007c0000000)
  region size 1024K, 1 young (1024K), 1 survivors (1024K)
 Metaspace       used 85522K, capacity 87279K, committed 94844K, reserved 1130496K
  class space    used 11017K, capacity 11392K, committed 12924K, reserved 1048576K
}
Event: 7784.955 GC heap before
{Heap before GC invocations=1095 (full 610):
 garbage-first heap   total 245760K, used 134416K [0x0000000700000000, 0x0000000700100780, 0x00000007c0000000)
  region size 1024K, 60 young (61440K), 1 survivors (1024K)
 Metaspace       used 85522K, capacity 87279K, committed 94844K, reserved 1130496K
  class space    used 11017K, capacity 11392K, committed 12924K, reserved 1048576K
}
Event: 7784.958 GC heap after
{Heap after GC invocations=1096 (full 610):
 garbage-first heap   total 245760K, used 74361K [0x0000000700000000, 0x0000000700100780, 0x00000007c0000000)
  region size 1024K, 1 young (1024K), 1 survivors (1024K)
 Metaspace       used 85522K, capacity 87279K, committed 94844K, reserved 1130496K
  class space    used 11017K, capacity 11392K, committed 12924K, reserved 1048576K
}

Deoptimization events (10 events):
Event: 7536.257 Thread 0x000002621e9cc000 Uncommon trap: reason=class_check action=maybe_recompile pc=0x0000026208cc435c method=javax.swing.text.SimpleAttributeSet.containsAttributes(Ljavax/swing/text/AttributeSet;)Z @ 44 c2
Event: 7536.259 Thread 0x000002620fa68000 Uncommon trap: reason=unstable_if action=reinterpret pc=0x00000262091a4af8 method=javax.swing.text.html.StyleSheet$SearchBuffer.getStringBuffer()Ljava/lang/StringBuffer; @ 4 c2
Event: 7536.261 Thread 0x000002620fa68000 Uncommon trap: reason=unstable_if action=reinterpret pc=0x0000026209212e6c method=javax.swing.text.html.StyleSheet$SearchBuffer.obtainSearchBuffer()Ljavax/swing/text/html/StyleSheet$SearchBuffer; @ 6 c2
Event: 7536.274 Thread 0x000002621e9cc000 Uncommon trap: reason=bimorphic_or_optimized_type_check action=maybe_recompile pc=0x0000026208852f30 method=javax.swing.text.DefaultStyledDocument.create([Ljavax/swing/text/DefaultStyledDocument$ElementSpec;)V @ 173 c2
Event: 7536.277 Thread 0x000002621e9cc000 Uncommon trap: reason=class_check action=maybe_recompile pc=0x00000262088ae5e8 method=javax.swing.text.html.parser.Parser.parse(Ljava/io/Reader;)V @ 86 c2
Event: 7536.277 Thread 0x000002621e9cc000 Uncommon trap: reason=class_check action=maybe_recompile pc=0x0000026208cc7748 method=javax.swing.text.SimpleAttributeSet.containsAttributes(Ljavax/swing/text/AttributeSet;)Z @ 44 c2
Event: 7536.278 Thread 0x000002620fa68000 Uncommon trap: reason=unstable_if action=reinterpret pc=0x0000026208076924 method=javax.swing.text.SegmentCache.getSegment()Ljavax/swing/text/Segment; @ 15 c2
Event: 7536.290 Thread 0x000002621e9cc000 Uncommon trap: reason=bimorphic_or_optimized_type_check action=maybe_recompile pc=0x00000262080bf8c4 method=javax.swing.text.DefaultStyledDocument$ElementBuffer.join(Ljavax/swing/text/Element;Ljavax/swing/text/Element;Ljavax/swing/text/Element;II)Ljavax/s
Event: 7536.291 Thread 0x000002621e9cc000 Uncommon trap: reason=unstable_if action=reinterpret pc=0x0000026207c4adc8 method=java.util.concurrent.locks.AbstractQueuedSynchronizer$ConditionObject.addConditionWaiter()Ljava/util/concurrent/locks/AbstractQueuedSynchronizer$Node; @ 38 c2
Event: 7786.489 Thread 0x000002620fa68000 Uncommon trap: reason=class_check action=maybe_recompile pc=0x0000026208d2f41c method=javax.swing.AbstractButton.setEnabled(Z)V @ 21 c2

Classes redefined (0 events):
No events

Internal exceptions (10 events):
Event: 6905.650 Thread 0x000002620fa68000 Exception <a 'sun/nio/fs/WindowsException'{0x000000070b37d4d0}> (0x000000070b37d4d0) thrown at [t:/workspace/hotspot/src/share/vm/prims/jni.cpp, line 604]
Event: 6906.819 Thread 0x000002620fa68000 Exception <a 'sun/nio/fs/WindowsException'{0x000000070deb7058}> (0x000000070deb7058) thrown at [t:/workspace/hotspot/src/share/vm/prims/jni.cpp, line 604]
Event: 6906.819 Thread 0x000002620fa68000 Exception <a 'sun/nio/fs/WindowsException'{0x000000070deb7388}> (0x000000070deb7388) thrown at [t:/workspace/hotspot/src/share/vm/prims/jni.cpp, line 604]
Event: 6906.867 Thread 0x000002620fa68000 Implicit null exception at 0x0000026207f507cc to 0x0000026207f50999
Event: 6909.817 Thread 0x000002620fa68000 Implicit null exception at 0x0000026207cf97cc to 0x0000026207cfa0d5
Event: 6972.423 Thread 0x000002620fa68000 Implicit null exception at 0x00000262082075c7 to 0x00000262082096a9
Event: 7447.001 Thread 0x000002620fa68000 Exception <a 'java/lang/NoSuchMethodError'{0x000000070dd5be78}: java.lang.invoke.DelegatingMethodHandle$Holder.reinvoke_L(Ljava/lang/Object;IIILjava/lang/Object;Ljava/lang/Object;I)Ljava/lang/Object;> (0x000000070dd5be78) thrown at [t:/workspace/hotspot/s
Event: 7470.830 Thread 0x000002620fa68000 Implicit null exception at 0x0000026207ce1453 to 0x0000026207ce4141
Event: 7470.830 Thread 0x000002620fa68000 Implicit null exception at 0x000002620879e463 to 0x000002620879edb9
Event: 7533.368 Thread 0x000002620fa68000 Implicit null exception at 0x0000026208e8e869 to 0x0000026208e8f2d1

Events (10 events):
Event: 7785.339 Executing VM operation: RevokeBias done
Event: 7785.339 Executing VM operation: RevokeBias
Event: 7785.339 Executing VM operation: RevokeBias done
Event: 7785.353 Executing VM operation: BulkRevokeBias
Event: 7785.354 Executing VM operation: BulkRevokeBias done
Event: 7786.101 Thread 0x000002621e9c7800 Thread added: 0x000002621e9c7800
Event: 7786.104 Thread 0x000002621e9c7800 Thread exited: 0x000002621e9c7800
Event: 7786.489 Thread 0x000002620fa68000 Uncommon trap: trap_request=0xffffffde fr.pc=0x0000026208d2f41c relative=0x00000000000000dc
Event: 7786.489 Thread 0x000002620fa68000 DEOPT PACKING pc=0x0000026208d2f41c sp=0x000000efb9ff5e30
Event: 7786.489 Thread 0x000002620fa68000 DEOPT UNPACKING pc=0x000002620004df29 sp=0x000000efb9ff5dc8 mode 2


Dynamic libraries:
0x00007ff734000000 - 0x00007ff734030000 	D:\Vivado\2019.2\bin\unwrapped\win64.o\vivado.exe
0x00007ffe17c40000 - 0x00007ffe17e30000 	C:\WINDOWS\SYSTEM32\ntdll.dll
0x00007ffe16700000 - 0x00007ffe167b2000 	C:\WINDOWS\System32\KERNEL32.DLL
0x00007ffe14db0000 - 0x00007ffe15054000 	C:\WINDOWS\System32\KERNELBASE.dll
0x00007ffe15090000 - 0x00007ffe1518a000 	C:\WINDOWS\System32\ucrtbase.dll
0x00007ffe03cb0000 - 0x00007ffe03d49000 	C:\WINDOWS\SYSTEM32\MSVCP140.dll
0x00007ffe06dd0000 - 0x00007ffe06de6000 	D:\Vivado\2019.2\lib\win64.o\librdi_commonmain.dll
0x00007ffe06010000 - 0x00007ffe06024000 	D:\Vivado\2019.2\lib\win64.o\libboost_signals.dll
0x00007ffdc8c10000 - 0x00007ffdc9b53000 	D:\Vivado\2019.2\lib\win64.o\librdi_common.dll
0x00007ffe03d50000 - 0x00007ffe03d66000 	C:\WINDOWS\SYSTEM32\VCRUNTIME140.dll
0x00007ffe16aa0000 - 0x00007ffe16c34000 	C:\WINDOWS\System32\USER32.dll
0x00007ffe02dc0000 - 0x00007ffe02de6000 	D:\Vivado\2019.2\lib\win64.o\libboost_filesystem.dll
0x00007ffe15c70000 - 0x00007ffe15c91000 	C:\WINDOWS\System32\win32u.dll
0x00007ffe16650000 - 0x00007ffe166f3000 	C:\WINDOWS\System32\ADVAPI32.dll
0x00007ffe171c0000 - 0x00007ffe171e6000 	C:\WINDOWS\System32\GDI32.dll
0x00007ffe16a00000 - 0x00007ffe16a9e000 	C:\WINDOWS\System32\msvcrt.dll
0x00007ffe15340000 - 0x00007ffe154d6000 	C:\WINDOWS\System32\gdi32full.dll
0x00007ffe117c0000 - 0x00007ffe117ca000 	D:\Vivado\2019.2\lib\win64.o\librdi_commonversion.dll
0x00007ffe16cb0000 - 0x00007ffe16d47000 	C:\WINDOWS\System32\sechost.dll
0x00007ffe15240000 - 0x00007ffe152de000 	C:\WINDOWS\System32\msvcp_win.dll
0x00007ffe17660000 - 0x00007ffe17780000 	C:\WINDOWS\System32\RPCRT4.dll
0x00007ffde8ba0000 - 0x00007ffde8d41000 	D:\Vivado\2019.2\lib\win64.o\librdi_commonxillic.dll
0x00007ffe15e90000 - 0x00007ffe16576000 	C:\WINDOWS\System32\SHELL32.dll
0x00007ffe16c40000 - 0x00007ffe16caf000 	C:\WINDOWS\System32\WS2_32.dll
0x0000000069a70000 - 0x0000000069b9b000 	D:\Vivado\2019.2\lib\win64.o\tcl85t.dll
0x00007ffe15ca0000 - 0x00007ffe15cea000 	C:\WINDOWS\System32\cfgmgr32.dll
0x00007ffe15060000 - 0x00007ffe15086000 	C:\WINDOWS\System32\bcrypt.dll
0x00007ffe177f0000 - 0x00007ffe17899000 	C:\WINDOWS\System32\shcore.dll
0x00007ffe178a0000 - 0x00007ffe17bd5000 	C:\WINDOWS\System32\combase.dll
0x00007ffde5640000 - 0x00007ffde59ae000 	D:\Vivado\2019.2\lib\win64.o\libCOIN-all.dll
0x00007ffe037d0000 - 0x00007ffe037e4000 	D:\Vivado\2019.2\lib\win64.o\libboost_date_time.dll
0x00007ffe14d30000 - 0x00007ffe14db0000 	C:\WINDOWS\System32\bcryptPrimitives.dll
0x00007ffe154e0000 - 0x00007ffe15c62000 	C:\WINDOWS\System32\windows.storage.dll
0x00007ffdf7dc0000 - 0x00007ffdf7e3f000 	D:\Vivado\2019.2\lib\win64.o\libboost_program_options.dll
0x00007ffe10af0000 - 0x00007ffe10afb000 	D:\Vivado\2019.2\lib\win64.o\libboost_system.dll
0x00007ffdf68a0000 - 0x00007ffdf69b4000 	D:\Vivado\2019.2\lib\win64.o\libboost_regex.dll
0x00007ffe14b90000 - 0x00007ffe14bb3000 	C:\WINDOWS\System32\profapi.dll
0x00007ffe14b40000 - 0x00007ffe14b8a000 	C:\WINDOWS\System32\powrprof.dll
0x00007ffe10480000 - 0x00007ffe1048f000 	D:\Vivado\2019.2\lib\win64.o\libboost_xilinx.dll
0x00007ffdf88b0000 - 0x00007ffdf88d1000 	D:\Vivado\2019.2\lib\win64.o\libboost_thread.dll
0x00007ffe14af0000 - 0x00007ffe14b00000 	C:\WINDOWS\System32\UMPDC.dll
0x00007ffdf5fe0000 - 0x00007ffdf6062000 	D:\Vivado\2019.2\lib\win64.o\libhdlpsolve.dll
0x00007ffe165e0000 - 0x00007ffe16632000 	C:\WINDOWS\System32\shlwapi.dll
0x00007ffe14b20000 - 0x00007ffe14b31000 	C:\WINDOWS\System32\kernel.appcore.dll
0x00007ffdf8100000 - 0x00007ffdf812e000 	D:\Vivado\2019.2\lib\win64.o\libisl_sysinfo.dll
0x00007ffe14bc0000 - 0x00007ffe14bd7000 	C:\WINDOWS\System32\cryptsp.dll
0x00007ffdef070000 - 0x00007ffdef115000 	D:\Vivado\2019.2\lib\win64.o\libhdxml.dll
0x00007ffdc8010000 - 0x00007ffdc8c0c200 	D:\Vivado\2019.2\lib\win64.o\libisl_iostreams.dll
0x00007ffdf7d10000 - 0x00007ffdf7d75000 	D:\Vivado\2019.2\lib\win64.o\liblmx6.0.dll
0x00007ffe03160000 - 0x00007ffe0317a000 	D:\Vivado\2019.2\lib\win64.o\pthreadVC2.dll
0x00007ffdfe7e0000 - 0x00007ffdfe7fc000 	D:\Vivado\2019.2\lib\win64.o\librdiconfig.dll
0x00007ffdf7110000 - 0x00007ffdf7131000 	D:\Vivado\2019.2\lib\win64.o\librdizlib.dll
0x0000000012000000 - 0x0000000012270000 	D:\Vivado\2019.2\lib\win64.o\xerces-c_3_1.dll
0x00007ffdf7750000 - 0x00007ffdf7c25000 	C:\WINDOWS\SYSTEM32\WININET.dll
0x00007ffe05df0000 - 0x00007ffe05e07000 	C:\WINDOWS\SYSTEM32\NETAPI32.dll
0x00007ffe08d40000 - 0x00007ffe08e30000 	C:\WINDOWS\SYSTEM32\WINHTTP.dll
0x00007ffe08b40000 - 0x00007ffe08d16000 	C:\WINDOWS\SYSTEM32\urlmon.dll
0x00007ffde2b40000 - 0x00007ffde2e1b000 	D:\Vivado\2019.2\lib\win64.o\libXil_lmgr11.dll
0x00007ffe15dc0000 - 0x00007ffe15e90000 	C:\WINDOWS\System32\COMDLG32.dll
0x00007ffe15cf0000 - 0x00007ffe15db5000 	C:\WINDOWS\System32\OLEAUT32.dll
0x00007ffe0a600000 - 0x00007ffe0a60d000 	D:\Vivado\2019.2\lib\win64.o\libboost_chrono.dll
0x00007ffe16e90000 - 0x00007ffe16fe7000 	C:\WINDOWS\System32\ole32.dll
0x00007ffe0f1c0000 - 0x00007ffe0f1c9000 	C:\WINDOWS\SYSTEM32\WSOCK32.dll
0x00007ffe152e0000 - 0x00007ffe1533c000 	C:\WINDOWS\System32\WINTRUST.dll
0x00007ffe14b00000 - 0x00007ffe14b12000 	C:\WINDOWS\System32\MSASN1.dll
0x00007ffdf6870000 - 0x00007ffdf6899000 	C:\WINDOWS\SYSTEM32\VCOMP140.DLL
0x00007ffdbc890000 - 0x00007ffdbd721000 	D:\Vivado\2019.2\lib\win64.o\gurobi65.dll
0x00007ffe14be0000 - 0x00007ffe14d29000 	C:\WINDOWS\System32\CRYPT32.dll
0x00007ffdfcc50000 - 0x00007ffdfcc6b000 	D:\Vivado\2019.2\lib\win64.o\libboost_iostreams.dll
0x00007ffdf64f0000 - 0x00007ffdf6515000 	D:\Vivado\2019.2\lib\win64.o\libisl_iosutils.dll
0x00007ffe07b90000 - 0x00007ffe07e36000 	C:\WINDOWS\SYSTEM32\iertutil.dll
0x00007ffdf33f0000 - 0x00007ffdf3499000 	C:\WINDOWS\WinSxS\amd64_microsoft.windows.common-controls_6595b64144ccf1df_5.82.18362.959_none_2a27bd024669d2fe\COMCTL32.dll
0x00007ffe0edb0000 - 0x00007ffe0edcc000 	C:\WINDOWS\SYSTEM32\dhcpcsvc.DLL
0x00007ffe169f0000 - 0x00007ffe169f8000 	C:\WINDOWS\System32\NSI.dll
0x00007ffe14530000 - 0x00007ffe1453c000 	C:\WINDOWS\SYSTEM32\CRYPTBASE.DLL
0x00007ffe14180000 - 0x00007ffe1418c000 	C:\WINDOWS\SYSTEM32\NETUTILS.DLL
0x00007ffe17050000 - 0x00007ffe1707e000 	C:\WINDOWS\System32\IMM32.DLL
0x00007ffde6520000 - 0x00007ffde6a37000 	D:\Vivado\2019.2\lib\win64.o\librdi_commontasks.dll
0x00007ffe0f440000 - 0x00007ffe0f44a000 	C:\WINDOWS\SYSTEM32\VERSION.dll
0x0000000067950000 - 0x0000000068375000 	D:\Vivado\2019.2\tps\win64\jre9.0.4\bin\server\jvm.dll
0x00007ffdd05f0000 - 0x00007ffdd08d3000 	D:\Vivado\2019.2\lib\win64.o\librdi_sio.dll
0x00007ffe16640000 - 0x00007ffe16648000 	C:\WINDOWS\System32\PSAPI.DLL
0x00007ffe114c0000 - 0x00007ffe114e4000 	C:\WINDOWS\SYSTEM32\WINMM.dll
0x00007ffe14070000 - 0x00007ffe140aa000 	C:\WINDOWS\SYSTEM32\IPHLPAPI.DLL
0x00007ffe11490000 - 0x00007ffe114bd000 	C:\WINDOWS\SYSTEM32\winmmbase.dll
0x00007ffde8ab0000 - 0x00007ffde8b9f000 	C:\WINDOWS\SYSTEM32\MSVCR120.dll
0x00007ffe14360000 - 0x00007ffe143c7000 	C:\WINDOWS\SYSTEM32\MSWSOCK.DLL
0x00007ffdaeed0000 - 0x00007ffdb1615000 	D:\Vivado\2019.2\lib\win64.o\librdi_tcltasks.dll
0x00007ffdf6370000 - 0x00007ffdf63eb000 	D:\Vivado\2019.2\lib\win64.o\librdi_boarddep.dll
0x00007ffde7d90000 - 0x00007ffde7ee2000 	D:\Vivado\2019.2\lib\win64.o\librdi_cd_client.dll
0x00007ffdd0130000 - 0x00007ffdd05e4000 	D:\Vivado\2019.2\lib\win64.o\librdi_bitstream.dll
0x00007ffde29a0000 - 0x00007ffde2b3d000 	D:\Vivado\2019.2\lib\win64.o\librdi_board.dll
0x00007ffdcf2d0000 - 0x00007ffdcf5f4000 	D:\Vivado\2019.2\lib\win64.o\librdi_containers.dll
0x00007ffde0f20000 - 0x00007ffde10e0000 	D:\Vivado\2019.2\lib\win64.o\librdi_chipscopeimpl.dll
0x00007ffde7ca0000 - 0x00007ffde7d8f000 	D:\Vivado\2019.2\lib\win64.o\librdi_chipscope.dll
0x00007ffdad3f0000 - 0x00007ffdaeeca000 	D:\Vivado\2019.2\lib\win64.o\librdi_constraints.dll
0x00007ffdc68a0000 - 0x00007ffdc6f79000 	D:\Vivado\2019.2\lib\win64.o\librdi_coregenipxact.dll
0x00007ffda9120000 - 0x00007ffdad3eb000 	D:\Vivado\2019.2\lib\win64.o\librdi_designutils.dll
0x00007ffda7130000 - 0x00007ffda9120000 	D:\Vivado\2019.2\lib\win64.o\librdi_coregen.dll
0x00007ffd92580000 - 0x00007ffda712b000 	D:\Vivado\2019.2\lib\win64.o\librdi_device.dll
0x00007ffdc64f0000 - 0x00007ffdc683a000 	D:\Vivado\2019.2\lib\win64.o\librdi_dlyest.dll
0x00007ffde5b70000 - 0x00007ffde5c34000 	D:\Vivado\2019.2\lib\win64.o\librdi_dsp.dll
0x00007ffdc5f20000 - 0x00007ffdc64ed000 	D:\Vivado\2019.2\lib\win64.o\librdi_drc.dll
0x00007ffdbbc00000 - 0x00007ffdbc26b000 	D:\Vivado\2019.2\lib\win64.o\librdi_filemgmt.dll
0x00007ffdc5c10000 - 0x00007ffdc5f20000 	D:\Vivado\2019.2\lib\win64.o\librdi_guitools.dll
0x00007ffdcff10000 - 0x00007ffdd0130000 	D:\Vivado\2019.2\lib\win64.o\librdi_hip_devdesign.dll
0x00007ffdf6220000 - 0x00007ffdf628a000 	D:\Vivado\2019.2\lib\win64.o\librdi_hdf.dll
0x00007ffdf3f70000 - 0x00007ffdf3fe4000 	D:\Vivado\2019.2\lib\win64.o\librdi_memoryarray.dll
0x00007ffde54f0000 - 0x00007ffde5638000 	D:\Vivado\2019.2\lib\win64.o\librdi_hip_perf_analysis.dll
0x00007ffdbb210000 - 0x00007ffdbb841000 	D:\Vivado\2019.2\lib\win64.o\librdi_memdata.dll
0x00007ffd90e10000 - 0x00007ffd9257d000 	D:\Vivado\2019.2\lib\win64.o\librdi_implflow.dll
0x00007ffdf64a0000 - 0x00007ffdf64ec000 	D:\Vivado\2019.2\lib\win64.o\librdi_pfi.dll
0x00007ffdbab20000 - 0x00007ffdbb203000 	D:\Vivado\2019.2\lib\win64.o\librdi_netlist.dll
0x00007ffd8e040000 - 0x00007ffd90e0b000 	D:\Vivado\2019.2\lib\win64.o\librdi_mig.dll
0x00007ffd8b770000 - 0x00007ffd8e037000 	D:\Vivado\2019.2\lib\win64.o\librdi_place.dll
0x00007ffdb9830000 - 0x00007ffdba03b000 	D:\Vivado\2019.2\lib\win64.o\librdi_power.dll
0x00007ffdbc570000 - 0x00007ffdbc88b000 	D:\Vivado\2019.2\lib\win64.o\librdi_platform.dll
0x00007ffdba330000 - 0x00007ffdba8ea000 	D:\Vivado\2019.2\lib\win64.o\librdi_project.dll
0x00007ffdb64e0000 - 0x00007ffdb6c13000 	D:\Vivado\2019.2\lib\win64.o\librdi_psta.dll
0x00007ffd8b340000 - 0x00007ffd8b763000 	D:\Vivado\2019.2\lib\win64.o\librdi_runs.dll
0x00007ffd8ac70000 - 0x00007ffd8b331000 	D:\Vivado\2019.2\lib\win64.o\librdi_rsb.dll
0x00007ffdcf1c0000 - 0x00007ffdcf2c8000 	D:\Vivado\2019.2\lib\win64.o\librdi_runsbase.dll
0x00007ffdc7e70000 - 0x00007ffdc8010000 	D:\Vivado\2019.2\lib\win64.o\librdi_cd_protocol.dll
0x00007ffdced40000 - 0x00007ffdcefb5000 	D:\Vivado\2019.2\lib\win64.o\librdi_simdata.dll
0x00007ffdf0c20000 - 0x00007ffdf0c6c000 	D:\Vivado\2019.2\lib\win64.o\libboost_serialization.dll
0x00007ffd89de0000 - 0x00007ffd8ac6d000 	D:\Vivado\2019.2\lib\win64.o\librdi_timing.dll
0x00007ffdef610000 - 0x00007ffdef65a000 	D:\Vivado\2019.2\lib\win64.o\librdi_noc_frameworks.dll
0x00007ffdbc3c0000 - 0x00007ffdbc561000 	D:\Vivado\2019.2\lib\win64.o\librdi_advchipscopeimpl.dll

VM Arguments:
jvm_args: -Dsun.java2d.pmoffscreen=false -Dsun.java2d.xrender=false -Dsun.java2d.d3d=false -Dsun.awt.nopixfmt=true -Dsun.java2d.dpiaware=true -Dsun.java2d.uiScale.enabled=false -Xverify:none -Dswing.aatext=true -XX:-UsePerfData -Djdk.map.althashing.threshold=512 -XX:StringTableSize=4072 --add-opens=java.base/java.nio=ALL-UNNAMED --add-opens=java.desktop/sun.swing=ALL-UNNAMED --add-opens=java.desktop/javax.swing=ALL-UNNAMED --add-opens=java.desktop/javax.swing.tree=ALL-UNNAMED --add-opens=java.desktop/javax.swing.plaf.basic=ALL-UNNAMED --add-opens=java.desktop/javax.swing.plaf.synth=ALL-UNNAMED --add-opens=java.desktop/com.sun.awt=ALL-UNNAMED -XX:NewSize=60m -XX:MaxNewSize=60m -Xms128m -Xmx3072m -Xss5m 
java_command: <unknown>
java_class_path (initial): D:/Vivado/2019.2\lib\classes\alloy.jar;D:/Vivado/2019.2\lib\classes\autoesl-common.jar;D:/Vivado/2019.2\lib\classes\autoesl-models.jar;D:/Vivado/2019.2\lib\classes\autoesl-report.jar;D:/Vivado/2019.2\lib\classes\autopilot.scelaborator.jar;D:/Vivado/2019.2\lib\classes\autopilot.sourceprocessor.jar;D:/Vivado/2019.2\lib\classes\autopilot.tbprocessor.jar;D:/Vivado/2019.2\lib\classes\batik-anim.jar;D:/Vivado/2019.2\lib\classes\batik-awt-util.jar;D:/Vivado/2019.2\lib\classes\batik-bridge.jar;D:/Vivado/2019.2\lib\classes\batik-codec.jar;D:/Vivado/2019.2\lib\classes\batik-css.jar;D:/Vivado/2019.2\lib\classes\batik-dom.jar;D:/Vivado/2019.2\lib\classes\batik-ext.jar;D:/Vivado/2019.2\lib\classes\batik-gui-util.jar;D:/Vivado/2019.2\lib\classes\batik-gvt.jar;D:/Vivado/2019.2\lib\classes\batik-parser.jar;D:/Vivado/2019.2\lib\classes\batik-script.jar;D:/Vivado/2019.2\lib\classes\batik-svg-dom.jar;D:/Vivado/2019.2\lib\classes\batik-swing.jar;D:/Vivado/2019.2\lib\classes\batik-transcoder.jar;D:/Vivado/2019.2\lib\classes\batik-util.jar;D:/Vivado/2019.2\lib\classes\batik-xml.jar;D:/Vivado/2019.2\lib\classes\com.google.gson_2.7.0.v20170129-0911.jar;D:/Vivado/2019.2\lib\classes\com.google.guava_21.0.0.v20170206-1425.jar;D:/Vivado/2019.2\lib\classes\com.ibm.icu_4.4.2.v20110208.jar;D:/Vivado/2019.2\lib\classes\com.sigasi.hdt.connection_4.5.0.201909241521.jar;D:/Vivado/2019.2\lib\classes\com.sigasi.hdt.epl_4.5.0.201909241521.jar;D:/Vivado/2019.2\lib\classes\com.sigasi.hdt.project_4.5.0.201909241521.jar;D:/Vivado/2019.2\lib\classes\com.sigasi.hdt.readonlyfilesystem_4.5.0.201909241521.jar;D:/Vivado/2019.2\lib\classes\com.sigasi.lcm_4.5.0.201909241521.jar;D:/Vivado/2019.2\lib\classes\com.sigasi.sdk.client_4.5.0.201909241521.jar;D:/Vivado/2019.2\lib\classes\com.xilinx.hls.services.jar;D:/Vivado/2019.2\lib\classes\commons-collections4-4.1.jar;D:/Vivado/2019.2\lib\classes\commons-math-2.2.jar;D:/Vivado/2019.2\lib\classes\Dispatch.jar;D:/Vivado/2019.2\lib\classes\Disp
Launcher Type: generic

Logging:
Log output configuration:
#0: stdout all=warning uptime,level,tags
#1: stderr all=off uptime,level,tags

Environment Variables:
PATH=D:/Vivado/2019.2/bin;D:/Vivado/2019.2/lib/win64.o;D:/Vivado/2019.2/tps/win64/jre9.0.4/bin/server;D:/Vivado/2019.2/tps/win64/jre9.0.4/bin;D:/Vivado/2019.2/ids_lite/ISE/bin/nt64;D:/Vivado/2019.2/ids_lite/ISE/lib/nt64;C:\Program Files (x86)\Common Files\Oracle\Java\javapath;C:\Windows\system32;C:\Windows;C:\Windows\System32\Wbem;C:\Windows\System32\WindowsPowerShell\v1.0\;C:\Windows\System32\OpenSSH\;C:\Program Files\NVIDIA Corporation\NVIDIA NvDLISR;C:\Program Files (x86)\NVIDIA Corporation\PhysX\Common;C:\Program Files\nodejs\;C:\Android;C:\Program Files\Amazon\AWSCLI\bin\;C:\Program Files\Git\cmd;C:\Users\Nico\AppData\Local\Programs\Python\Python37-32\Scripts\;C:\Users\Nico\AppData\Local\Programs\Python\Python37-32\;C:\Users\Nico\AppData\Local\Microsoft\WindowsApps;C:\Users\Nico\AppData\Local\Programs\Microsoft VS Code\bin;C:\Users\Nico\AppData\Roaming\npm;C:\Users\Nico\AppData\Local\hyper\app-3.0.2\resources\bin;D:/Vivado/2019.2\tps\mingw\6.2.0\win64.o\nt\bin;D:/Vivado/2019.2\tps\mingw\6.2.0\win64.o\nt\libexec\gcc\x86_64-w64-mingw32\6.2.0;D:/Vivado/2019.2\tps\win64\python-2.7.5;D:/Vivado/2019.2\tps\win64\python-2.7.5\bin;D:/Vivado/2019.2\tps\win64\python-2.7.5\lib;D:/Vivado/2019.2\tps\win64\python-2.7.5\Lib\lib-tk;D:/Vivado/2019.2\tps\win64\python-2.7.5\lib\site-packages
USERNAME=Nico
OS=Windows_NT
PROCESSOR_IDENTIFIER=Intel64 Family 6 Model 60 Stepping 3, GenuineIntel



---------------  S Y S T E M  ---------------

OS: Windows 10 , 64 bit Build 18362 (10.0.18362.959)

CPU:total 8 (initial active 8) (4 cores per cpu, 2 threads per core) family 6 model 60 stepping 3, cmov, cx8, fxsr, mmx, sse, sse2, sse3, ssse3, sse4.1, sse4.2, popcnt, avx, avx2, aes, clmul, erms, lzcnt, ht, tsc, tscinvbit, bmi1, bmi2, fma

Memory: 4k page, physical 12469272k(4741664k free), swap 14369816k(2834908k free)

vm_info: Java HotSpot(TM) 64-Bit Server VM (9.0.4+11) for windows-amd64 JRE (9.0.4+11), built on Dec 20 2017 02:18:54 by "mach5one" with MS VC++ 12.0 (VS2013)

END.
