#
# A fatal error has been detected by the Java Runtime Environment:
#
#  EXCEPTION_ACCESS_VIOLATION (0xc0000005) at pc=0x00007ffdc8d8ed95, pid=11844, tid=8456
#
# JRE version: Java(TM) SE Runtime Environment (9.0+11) (build 9.0.4+11)
# Java VM: Java HotSpot(TM) 64-Bit Server VM (9.0.4+11, mixed mode, tiered, compressed oops, g1 gc, windows-amd64)
# Problematic frame:
# C  [librdi_common.dll+0x17ed95]
#
# No core dump will be written. Minidumps are not enabled by default on client versions of Windows
#
# If you would like to submit a bug report, please visit:
#   http://bugreport.java.com/bugreport/crash.jsp
# The crash happened outside the Java Virtual Machine in native code.
# See problematic frame for where to report the bug.
#

---------------  S U M M A R Y ------------

Command Line: -Dsun.java2d.pmoffscreen=false -Dsun.java2d.xrender=false -Dsun.java2d.d3d=false -Dsun.awt.nopixfmt=true -Dsun.java2d.dpiaware=true -Dsun.java2d.uiScale.enabled=false -Xverify:none -Dswing.aatext=true -XX:-UsePerfData -Djdk.map.althashing.threshold=512 -XX:StringTableSize=4072 --add-opens=java.base/java.nio=ALL-UNNAMED --add-opens=java.desktop/sun.swing=ALL-UNNAMED --add-opens=java.desktop/javax.swing=ALL-UNNAMED --add-opens=java.desktop/javax.swing.tree=ALL-UNNAMED --add-opens=java.desktop/javax.swing.plaf.basic=ALL-UNNAMED --add-opens=java.desktop/javax.swing.plaf.synth=ALL-UNNAMED --add-opens=java.desktop/com.sun.awt=ALL-UNNAMED -XX:NewSize=60m -XX:MaxNewSize=60m -Xms128m -Xmx3072m -Xss5m 

Host: Intel(R) Core(TM) i7-4720HQ CPU @ 2.60GHz, 8 cores, 11G,  Windows 10 , 64 bit Build 18362 (10.0.18362.959)
Time: Mon Aug 10 20:43:05 2020 Hora estándar de Argentina elapsed time: 273 seconds (0d 0h 4m 33s)

---------------  T H R E A D  ---------------

Current thread (0x0000025afeb85000):  JavaThread "AWT-EventQueue-1" [_thread_in_native, id=8456, stack(0x00000064c1f00000,0x00000064c2400000)]

Stack: [0x00000064c1f00000,0x00000064c2400000],  sp=0x00000064c23fac70,  free space=5099k
Native frames: (J=compiled Java code, j=interpreted, Vv=VM code, C=native code)
C  [librdi_common.dll+0x17ed95]
C  [librdi_common.dll+0x173b75]
C  [librdi_common.dll+0x13cd4a]
C  0x00007ffd889021df
C  0x00007ffd889821ef
C  0x00007ffd88989f09
C  0x00007ffd8895a6cb
C  0x00007ffd88996e97
C  0x0000025a8f30ad3a

Java frames: (J=compiled Java code, j=interpreted, Vv=VM code)
J 15563  ui.views.waveform.waveformi.WVExecutive_getTooltipTextDelayed(J)Ljava/lang/String; (0 bytes) @ 0x0000025a8f30aca1 [0x0000025a8f30ac60+0x0000000000000041]
J 15709 c1 ui.views.waveform.b.a.bJ(Ljava/awt/event/MouseEvent;)V (135 bytes) @ 0x0000025a89354d24 [0x0000025a89354680+0x00000000000006a4]
J 15782 c1 ui.views.waveform.b.a.mouseMoved(Ljava/awt/event/MouseEvent;)V (32 bytes) @ 0x0000025a8937974c [0x0000025a89379220+0x000000000000052c]
J 16445 c2 java.awt.AWTEventMulticaster.mouseMoved(Ljava/awt/event/MouseEvent;)V java.desktop@9.0.4 (27 bytes) @ 0x0000025a8f4ba074 [0x0000025a8f4b9fc0+0x00000000000000b4]
J 16445 c2 java.awt.AWTEventMulticaster.mouseMoved(Ljava/awt/event/MouseEvent;)V java.desktop@9.0.4 (27 bytes) @ 0x0000025a8f4ba034 [0x0000025a8f4b9fc0+0x0000000000000074]
J 17083 c2 javax.swing.JComponent.processMouseMotionEvent(Ljava/awt/event/MouseEvent;)V java.desktop@9.0.4 (46 bytes) @ 0x0000025a8f5a3890 [0x0000025a8f5a3700+0x0000000000000190]
J 15404 c1 ui.frmwork.c.i.processMouseMotionEvent(Ljava/awt/event/MouseEvent;)V (131 bytes) @ 0x0000025a8856c8c4 [0x0000025a8856ba00+0x0000000000000ec4]
J 17284 c2 java.awt.Container.processEvent(Ljava/awt/AWTEvent;)V java.desktop@9.0.4 (22 bytes) @ 0x0000025a8f5e0344 [0x0000025a8f5e01c0+0x0000000000000184]
J 17031 c2 java.awt.Component.dispatchEventImpl(Ljava/awt/AWTEvent;)V java.desktop@9.0.4 (739 bytes) @ 0x0000025a8f58d9d8 [0x0000025a8f58cce0+0x0000000000000cf8]
J 16667 c2 java.awt.Container.dispatchEventImpl(Ljava/awt/AWTEvent;)V java.desktop@9.0.4 (129 bytes) @ 0x0000025a8edba938 [0x0000025a8edba8e0+0x0000000000000058]
J 16933 c2 java.awt.LightweightDispatcher.retargetMouseEvent(Ljava/awt/Component;ILjava/awt/event/MouseEvent;)V java.desktop@9.0.4 (350 bytes) @ 0x0000025a8f572470 [0x0000025a8f571ea0+0x00000000000005d0]
J 16898 c2 java.awt.LightweightDispatcher.processMouseEvent(Ljava/awt/event/MouseEvent;)Z java.desktop@9.0.4 (265 bytes) @ 0x0000025a8f562ccc [0x0000025a8f562740+0x000000000000058c]
J 16667 c2 java.awt.Container.dispatchEventImpl(Ljava/awt/AWTEvent;)V java.desktop@9.0.4 (129 bytes) @ 0x0000025a8edbac94 [0x0000025a8edba8e0+0x00000000000003b4]
J 16730 c2 java.awt.Window.dispatchEventImpl(Ljava/awt/AWTEvent;)V java.desktop@9.0.4 (23 bytes) @ 0x0000025a8ed8eb8c [0x0000025a8ed8eb40+0x000000000000004c]
J 15527 c2 java.awt.EventQueue$3.run()Ljava/lang/Void; java.desktop@9.0.4 (60 bytes) @ 0x0000025a8f305afc [0x0000025a8f305500+0x00000000000005fc]
J 15693 c2 java.awt.EventQueue$3.run()Ljava/lang/Object; java.desktop@9.0.4 (5 bytes) @ 0x0000025a8f361054 [0x0000025a8f361020+0x0000000000000034]
v  ~StubRoutines::call_stub
J 4336  java.security.AccessController.doPrivileged(Ljava/security/PrivilegedAction;Ljava/security/AccessControlContext;)Ljava/lang/Object; java.base@9.0.4 (0 bytes) @ 0x0000025a8e875dc6 [0x0000025a8e875d60+0x0000000000000066]
J 16252 c2 java.awt.EventQueue$4.run()Ljava/lang/Object; java.desktop@9.0.4 (5 bytes) @ 0x0000025a8f478b40 [0x0000025a8f4788e0+0x0000000000000260]
v  ~StubRoutines::call_stub
J 4336  java.security.AccessController.doPrivileged(Ljava/security/PrivilegedAction;Ljava/security/AccessControlContext;)Ljava/lang/Object; java.base@9.0.4 (0 bytes) @ 0x0000025a8e875dc6 [0x0000025a8e875d60+0x0000000000000066]
J 13058 c2 ui.frmwork.b.d.dispatchEvent(Ljava/awt/AWTEvent;)V (34 bytes) @ 0x0000025a8f02a528 [0x0000025a8f02a100+0x0000000000000428]
J 17071 c2 java.awt.EventDispatchThread.pumpOneEventForFilters(I)V java.desktop@9.0.4 (218 bytes) @ 0x0000025a8f59bbd4 [0x0000025a8f59b900+0x00000000000002d4]
j  java.awt.EventDispatchThread.pumpEventsForFilter(ILjava/awt/Conditional;Ljava/awt/EventFilter;)V+35 java.desktop@9.0.4
j  java.awt.EventDispatchThread.pumpEventsForHierarchy(ILjava/awt/Conditional;Ljava/awt/Component;)V+11 java.desktop@9.0.4
j  java.awt.EventDispatchThread.pumpEvents(ILjava/awt/Conditional;)V+4 java.desktop@9.0.4
j  java.awt.EventDispatchThread.pumpEvents(Ljava/awt/Conditional;)V+3 java.desktop@9.0.4
j  java.awt.EventDispatchThread.run()V+9 java.desktop@9.0.4
v  ~StubRoutines::call_stub

siginfo: EXCEPTION_ACCESS_VIOLATION (0xc0000005), reading address 0xffffffffffffffff


Register to memory mapping:

RIP=0x00007ffdc8d8ed95 librdi_common.dll
RAX=0x0000025af15bb801 is an unknown value
RBX=0x90053e00ba3e9d68 is an unknown value
RCX=0x0000025af15bb8d0 is an unknown value
RDX=0x90053e00ba3e9d68 is an unknown value
RSP=0x00000064c23fac70 is pointing into the stack for thread: 0x0000025afeb85000
RBP=0x00000064c23fada0 is pointing into the stack for thread: 0x0000025afeb85000
RSI=0x0000025aaa733660 is an unknown value
RDI=0x00000064c23fae88 is pointing into the stack for thread: 0x0000025afeb85000
R8 =0x00000064c23fae88 is pointing into the stack for thread: 0x0000025afeb85000
R9 =0x0000000000000000 is an unknown value
R10=0x0000025aa78d2300 is an unknown value
R11=0x0000025a9ef8b5a0 is an unknown value
R12=0x00000064c23fae88 is pointing into the stack for thread: 0x0000025afeb85000
R13=0x0000000000000000 is an unknown value
R14=0x0000025aef57d5d0 is an unknown value
R15=0x90053e00ba3e9d68 is an unknown value


Registers:
RAX=0x0000025af15bb801, RBX=0x90053e00ba3e9d68, RCX=0x0000025af15bb8d0, RDX=0x90053e00ba3e9d68
RSP=0x00000064c23fac70, RBP=0x00000064c23fada0, RSI=0x0000025aaa733660, RDI=0x00000064c23fae88
R8 =0x00000064c23fae88, R9 =0x0000000000000000, R10=0x0000025aa78d2300, R11=0x0000025a9ef8b5a0
R12=0x00000064c23fae88, R13=0x0000000000000000, R14=0x0000025aef57d5d0, R15=0x90053e00ba3e9d68
RIP=0x00007ffdc8d8ed95, EFLAGS=0x0000000000010202

Top of Stack: (sp=0x00000064c23fac70)
0x00000064c23fac70:   00000064c23fb020 00007ffe03cc2787
0x00000064c23fac80:   0000006400000000 90053e00ba3e9d68
0x00000064c23fac90:   90053e00ba3e9d68 00007ffdc8d83b75
0x00000064c23faca0:   0000025aad216ca8 00007ffe03cc2a1f
0x00000064c23facb0:   0000610330ea798f 0000000000000011
0x00000064c23facc0:   0000025aff5f05c0 0000025aad216c80
0x00000064c23facd0:   0000000000000002 00007ffdc8dec825
0x00000064c23face0:   0000025af3dc8120 0000025aad216c88
0x00000064c23facf0:   0000025aad216cc8 0000025aad216c80
0x00000064c23fad00:   fffffffffffffffe 00007ffdc93a8aad
0x00000064c23fad10:   fffffffffffffffe 00007ffdc9a9dbc0
0x00000064c23fad20:   0000025aad216c80 0000025aef5439a8
0x00000064c23fad30:   00000064c23fae88 00007ffdc8debb16
0x00000064c23fad40:   0000025aad216c80 00000064c23fae88
0x00000064c23fad50:   0000025a00000002 0000000000000000
0x00000064c23fad60:   fffffffffffffffe 000000000000000f 

Instructions: (pc=0x00007ffdc8d8ed95)
0x00007ffdc8d8ed75:   20 48 8b d9 e8 22 c4 04 00 48 8b c8 48 8b d3 e8
0x00007ffdc8d8ed85:   27 0d 05 00 84 c0 75 08 33 c0 48 83 c4 20 5b c3
0x00007ffdc8d8ed95:   48 8b 4b 50 48 85 c9 74 0a 48 83 c4 20 5b e9 68
0x00007ffdc8d8eda5:   e2 04 00 48 8b d3 48 8d 0d 66 ce 78 00 e8 59 b7 



---------------  P R O C E S S  ---------------

Java Threads: ( => current thread )
  0x0000025aa0410800 JavaThread "Relaunch Simulation Thread" [_thread_blocked, id=1148, stack(0x00000064c1000000,0x00000064c1500000)]
  0x0000025aa0408000 JavaThread "SyntheticaAnimation 50" daemon [_thread_blocked, id=1732, stack(0x00000064c4f00000,0x00000064c5400000)]
  0x0000025aa0407800 JavaThread "Update Runs Swing Worker Thread" [_thread_blocked, id=14720, stack(0x00000064c5900000,0x00000064c5e00000)]
  0x0000025afe8c2800 JavaThread "hw_ila_monitor" [_thread_blocked, id=14240, stack(0x00000064c4a00000,0x00000064c4f00000)]
  0x0000025afe8c1800 JavaThread "Refresh Filesets Swing Worker Thread" [_thread_blocked, id=6848, stack(0x00000064c4500000,0x00000064c4a00000)]
  0x0000025afe8c8800 JavaThread "SyntheticaAnimation 70" daemon [_thread_blocked, id=8624, stack(0x00000064c4000000,0x00000064c4500000)]
  0x0000025afe8c5800 JavaThread "SyntheticaAnimation 25" daemon [_thread_blocked, id=6652, stack(0x00000064c3b00000,0x00000064c4000000)]
  0x0000025afe8c7000 JavaThread "SyntheticaAnimation 50" daemon [_thread_blocked, id=13400, stack(0x00000064c3600000,0x00000064c3b00000)]
  0x0000025afe8c3000 JavaThread "Monitor HEventQueue Thread" [_thread_blocked, id=14140, stack(0x00000064c3100000,0x00000064c3600000)]
  0x0000025afe8c4000 JavaThread "SyntheticaCleanerThread" daemon [_thread_blocked, id=3092, stack(0x00000064c2900000,0x00000064c2e00000)]
  0x0000025afe8c6000 JavaThread "Batik CleanerThread" daemon [_thread_blocked, id=13020, stack(0x00000064c1500000,0x00000064c1a00000)]
=>0x0000025afeb85000 JavaThread "AWT-EventQueue-1" [_thread_in_native, id=8456, stack(0x00000064c1f00000,0x00000064c2400000)]
  0x0000025afeb84000 JavaThread "Process Messages Thread" [_thread_blocked, id=13116, stack(0x00000064c1a00000,0x00000064c1f00000)]
  0x0000025aff5d5800 JavaThread "Thread-1" [_thread_in_native, id=8324, stack(0x00000064ba800000,0x00000064bbc00000)]
  0x0000025a9ec87000 JavaThread "TimerQueue" daemon [_thread_blocked, id=1144, stack(0x00000064c0b00000,0x00000064c1000000)]
  0x0000025af41d3000 JavaThread "AWT-Windows" daemon [_thread_in_native, id=5576, stack(0x00000064c0600000,0x00000064c0b00000)]
  0x0000025af41f7800 JavaThread "AWT-Shutdown" [_thread_blocked, id=3868, stack(0x00000064c0100000,0x00000064c0600000)]
  0x0000025af46db800 JavaThread "Java2D Disposer" daemon [_thread_blocked, id=3516, stack(0x00000064bfc00000,0x00000064c0100000)]
  0x0000025af45b4800 JavaThread "Service Thread" daemon [_thread_blocked, id=13412, stack(0x00000064bf600000,0x00000064bfb00000)]
  0x0000025af433b800 JavaThread "Common-Cleaner" daemon [_thread_blocked, id=6504, stack(0x00000064bf100000,0x00000064bf600000)]
  0x0000025af90e9000 JavaThread "Sweeper thread" daemon [_thread_blocked, id=8228, stack(0x00000064bec00000,0x00000064bf100000)]
  0x0000025af90e7000 JavaThread "C1 CompilerThread3" daemon [_thread_blocked, id=1224, stack(0x00000064beb00000,0x00000064bec00000)]
  0x0000025af90e6800 JavaThread "C2 CompilerThread2" daemon [_thread_blocked, id=9336, stack(0x00000064bea00000,0x00000064beb00000)]
  0x0000025af1dec000 JavaThread "C2 CompilerThread1" daemon [_thread_blocked, id=14524, stack(0x00000064be900000,0x00000064bea00000)]
  0x0000025af1deb000 JavaThread "C2 CompilerThread0" daemon [_thread_in_native, id=14776, stack(0x00000064be800000,0x00000064be900000)]
  0x0000025aef584000 JavaThread "Attach Listener" daemon [_thread_blocked, id=15280, stack(0x00000064be300000,0x00000064be800000)]
  0x0000025aef583000 JavaThread "Signal Dispatcher" daemon [_thread_blocked, id=7852, stack(0x00000064bde00000,0x00000064be300000)]
  0x0000025afa2f2800 JavaThread "Finalizer" daemon [_thread_blocked, id=14104, stack(0x00000064bd900000,0x00000064bde00000)]
  0x0000025afa37b000 JavaThread "Reference Handler" daemon [_thread_blocked, id=11556, stack(0x00000064bd400000,0x00000064bd900000)]
  0x0000025afa988800 JavaThread "main" [_thread_blocked, id=10568, stack(0x00000064ba700000,0x00000064ba800000)]

Other Threads:
  0x0000025af6045800 VMThread "VM Thread" [stack: 0x00000064bd300000,0x00000064bd400000] [id=7616]
  0x0000025afa9e8800 WatcherThread [stack: 0x00000064bfb00000,0x00000064bfc00000] [id=10316]
  0x0000025afa9a0800 GCTaskThread "GC Thread#0" [stack: 0x00000064bbf00000,0x00000064bc000000] [id=5192]
  0x0000025af9ec5800 GCTaskThread "GC Thread#1" [stack: 0x00000064bc000000,0x00000064bc100000] [id=6272]
  0x0000025af92ed800 GCTaskThread "GC Thread#2" [stack: 0x00000064bc100000,0x00000064bc200000] [id=14808]
  0x0000025afdb6d800 GCTaskThread "GC Thread#3" [stack: 0x00000064bc200000,0x00000064bc300000] [id=15292]
  0x0000025afe68e000 GCTaskThread "GC Thread#4" [stack: 0x00000064bc300000,0x00000064bc400000] [id=10220]
  0x0000025afa4f6800 GCTaskThread "GC Thread#5" [stack: 0x00000064bc400000,0x00000064bc500000] [id=8180]
  0x0000025afa9cb800 GCTaskThread "GC Thread#6" [stack: 0x00000064bc500000,0x00000064bc600000] [id=2480]
  0x0000025afa9cb000 GCTaskThread "GC Thread#7" [stack: 0x00000064bc600000,0x00000064bc700000] [id=7916]
  0x0000025af96e8800 ConcurrentGCThread "G1 Main Marker" [stack: 0x00000064bd000000,0x00000064bd100000] [id=8896]
  0x0000025afa9cc000 ConcurrentGCThread "G1 Marker#0" [stack: 0x00000064bd100000,0x00000064bd200000] [id=11576]
  0x0000025afa9ca000 ConcurrentGCThread "G1 Marker#1" [stack: 0x00000064bd200000,0x00000064bd300000] [id=2296]
  0x0000025afa9d5000 ConcurrentGCThread "G1 Refine#0" [stack: 0x00000064bce00000,0x00000064bcf00000] [id=5860]
  0x0000025afa9d3800 ConcurrentGCThread "G1 Refine#1" [stack: 0x00000064bcd00000,0x00000064bce00000] [id=6412]
  0x0000025afa9d4000 ConcurrentGCThread "G1 Refine#2" [stack: 0x00000064bcc00000,0x00000064bcd00000] [id=14872]
  0x0000025af90f9800 ConcurrentGCThread "G1 Refine#3" [stack: 0x00000064bcb00000,0x00000064bcc00000] [id=2196]
  0x0000025af6b17800 ConcurrentGCThread "G1 Refine#4" [stack: 0x00000064bca00000,0x00000064bcb00000] [id=7312]
  0x0000025af6b16800 ConcurrentGCThread "G1 Refine#5" [stack: 0x00000064bc900000,0x00000064bca00000] [id=8264]
  0x0000025afa95b800 ConcurrentGCThread "G1 Refine#6" [stack: 0x00000064bc800000,0x00000064bc900000] [id=13528]
  0x0000025af6f06800 ConcurrentGCThread "G1 Refine#7" [stack: 0x00000064bc700000,0x00000064bc800000] [id=10708]
  0x0000025afa8a4000 ConcurrentGCThread "G1 Young RemSet Sampling" [stack: 0x00000064bcf00000,0x00000064bd000000] [id=12972]

Threads with active compile tasks:
C2 CompilerThread018180   !   4       javax.swing.text.html.HTMLDocument$HTMLReader::adjustEndElement (467 bytes)

VM state:not at safepoint (normal execution)

VM Mutex/Monitor currently owned by a thread: None

Heap address: 0x0000000700000000, size: 3072 MB, Compressed Oops mode: Zero based, Oop shift amount: 3
Narrow klass base: 0x0000000000000000, Narrow klass shift: 3
Compressed class space size: 1073741824 Address: 0x00000007c0000000

Heap:
 garbage-first heap   total 181248K, used 64789K [0x0000000700000000, 0x0000000700100588, 0x00000007c0000000)
  region size 1024K, 4 young (4096K), 1 survivors (1024K)
 Metaspace       used 79979K, capacity 85293K, committed 85628K, reserved 1122304K
  class space    used 10917K, capacity 11853K, committed 11900K, reserved 1048576K
Heap Regions: E=young(eden), S=young(survivor), O=old, HS=humongous(starts), HC=humongous(continues), CS=collection set, F=free, A=archive, TS=gc time stamp, AC=allocation context, TAMS=top-at-mark-start (previous, next)
|   0|0x0000000700000000, 0x00000007000f2518, 0x0000000700100000| 94%| O|  |TS  0|AC  0|TAMS 0x0000000700000000, 0x0000000700000000|
|   1|0x0000000700100000, 0x00000007001edf18, 0x0000000700200000| 92%| O|  |TS  0|AC  0|TAMS 0x0000000700100000, 0x0000000700100000|
|   2|0x0000000700200000, 0x00000007002e3e68, 0x0000000700300000| 89%| O|  |TS  0|AC  0|TAMS 0x0000000700200000, 0x0000000700200000|
|   3|0x0000000700300000, 0x00000007003f3a60, 0x0000000700400000| 95%| O|  |TS  0|AC  0|TAMS 0x0000000700300000, 0x0000000700300000|
|   4|0x0000000700400000, 0x0000000700500000, 0x0000000700500000|100%|HS|  |TS  0|AC  0|TAMS 0x0000000700400000, 0x0000000700400000|
|   5|0x0000000700500000, 0x0000000700600000, 0x0000000700600000|100%|HC|  |TS  0|AC  0|TAMS 0x0000000700500000, 0x0000000700500000|
|   6|0x0000000700600000, 0x0000000700700000, 0x0000000700700000|100%|HS|  |TS  0|AC  0|TAMS 0x0000000700600000, 0x0000000700600000|
|   7|0x0000000700700000, 0x00000007007fcd98, 0x0000000700800000| 98%| O|  |TS  0|AC  0|TAMS 0x0000000700700000, 0x0000000700700000|
|   8|0x0000000700800000, 0x00000007008cf110, 0x0000000700900000| 80%| O|  |TS  0|AC  0|TAMS 0x0000000700800000, 0x0000000700800000|
|   9|0x0000000700900000, 0x00000007009ff4a8, 0x0000000700a00000| 99%| O|  |TS  0|AC  0|TAMS 0x0000000700900000, 0x0000000700900000|
|  10|0x0000000700a00000, 0x0000000700afffe0, 0x0000000700b00000| 99%| O|  |TS  0|AC  0|TAMS 0x0000000700a00000, 0x0000000700a00000|
|  11|0x0000000700b00000, 0x0000000700bfffe8, 0x0000000700c00000| 99%| O|  |TS  0|AC  0|TAMS 0x0000000700b00000, 0x0000000700b00000|
|  12|0x0000000700c00000, 0x0000000700cfffe0, 0x0000000700d00000| 99%| O|  |TS  0|AC  0|TAMS 0x0000000700c00000, 0x0000000700c00000|
|  13|0x0000000700d00000, 0x0000000700dffff0, 0x0000000700e00000| 99%| O|  |TS  0|AC  0|TAMS 0x0000000700d00000, 0x0000000700d00000|
|  14|0x0000000700e00000, 0x0000000700ef2110, 0x0000000700f00000| 94%| O|  |TS  0|AC  0|TAMS 0x0000000700e00000, 0x0000000700e00000|
|  15|0x0000000700f00000, 0x0000000700fbf430, 0x0000000701000000| 74%| O|  |TS  0|AC  0|TAMS 0x0000000700f00000, 0x0000000700f00000|
|  16|0x0000000701000000, 0x00000007010f9bc8, 0x0000000701100000| 97%| O|  |TS  0|AC  0|TAMS 0x0000000701000000, 0x0000000701000000|
|  17|0x0000000701100000, 0x00000007011fffb8, 0x0000000701200000| 99%| O|  |TS  0|AC  0|TAMS 0x0000000701100000, 0x0000000701100000|
|  18|0x0000000701200000, 0x0000000701300000, 0x0000000701300000|100%| O|  |TS  0|AC  0|TAMS 0x0000000701200000, 0x0000000701200000|
|  19|0x0000000701300000, 0x00000007013ab330, 0x0000000701400000| 66%| O|  |TS  0|AC  0|TAMS 0x0000000701300000, 0x0000000701300000|
|  20|0x0000000701400000, 0x00000007014ffe40, 0x0000000701500000| 99%| O|  |TS  0|AC  0|TAMS 0x0000000701400000, 0x0000000701400000|
|  21|0x0000000701500000, 0x00000007015fffd8, 0x0000000701600000| 99%| O|  |TS  0|AC  0|TAMS 0x0000000701500000, 0x0000000701500000|
|  22|0x0000000701600000, 0x00000007016ffff8, 0x0000000701700000| 99%| O|  |TS  0|AC  0|TAMS 0x0000000701600000, 0x0000000701600000|
|  23|0x0000000701700000, 0x00000007017ffff0, 0x0000000701800000| 99%| O|  |TS  0|AC  0|TAMS 0x0000000701700000, 0x0000000701700000|
|  24|0x0000000701800000, 0x00000007018fca38, 0x0000000701900000| 98%| O|  |TS  0|AC  0|TAMS 0x0000000701800000, 0x0000000701800000|
|  25|0x0000000701900000, 0x00000007019ffff8, 0x0000000701a00000| 99%| O|  |TS  0|AC  0|TAMS 0x0000000701900000, 0x0000000701900000|
|  26|0x0000000701a00000, 0x0000000701afffe8, 0x0000000701b00000| 99%| O|  |TS  0|AC  0|TAMS 0x0000000701a00000, 0x0000000701a00000|
|  27|0x0000000701b00000, 0x0000000701c00000, 0x0000000701c00000|100%| O|  |TS  0|AC  0|TAMS 0x0000000701b00000, 0x0000000701b00000|
|  28|0x0000000701c00000, 0x0000000701cfffe8, 0x0000000701d00000| 99%| O|  |TS  0|AC  0|TAMS 0x0000000701c00000, 0x0000000701c00000|
|  29|0x0000000701d00000, 0x0000000701dffff8, 0x0000000701e00000| 99%| O|  |TS  0|AC  0|TAMS 0x0000000701d00000, 0x0000000701d00000|
|  30|0x0000000701e00000, 0x0000000701efddf0, 0x0000000701f00000| 99%| O|  |TS  0|AC  0|TAMS 0x0000000701e00000, 0x0000000701e00000|
|  31|0x0000000701f00000, 0x0000000701ffffe8, 0x0000000702000000| 99%| O|  |TS  0|AC  0|TAMS 0x0000000701f00000, 0x0000000701f00000|
|  32|0x0000000702000000, 0x00000007020fffe8, 0x0000000702100000| 99%| O|  |TS  0|AC  0|TAMS 0x0000000702000000, 0x0000000702000000|
|  33|0x0000000702100000, 0x0000000702200000, 0x0000000702200000|100%| O|  |TS  0|AC  0|TAMS 0x0000000702100000, 0x0000000702100000|
|  34|0x0000000702200000, 0x00000007022ffff0, 0x0000000702300000| 99%| O|  |TS  0|AC  0|TAMS 0x0000000702200000, 0x0000000702200000|
|  35|0x0000000702300000, 0x00000007023ffff8, 0x0000000702400000| 99%| O|  |TS  0|AC  0|TAMS 0x0000000702300000, 0x0000000702300000|
|  36|0x0000000702400000, 0x00000007024fff50, 0x0000000702500000| 99%| O|  |TS  0|AC  0|TAMS 0x0000000702400000, 0x0000000702400000|
|  37|0x0000000702500000, 0x00000007025fffe0, 0x0000000702600000| 99%| O|  |TS  0|AC  0|TAMS 0x0000000702500000, 0x0000000702500000|
|  38|0x0000000702600000, 0x00000007026ffff8, 0x0000000702700000| 99%| O|  |TS  0|AC  0|TAMS 0x0000000702600000, 0x0000000702600000|
|  39|0x0000000702700000, 0x00000007027ffff8, 0x0000000702800000| 99%| O|  |TS  0|AC  0|TAMS 0x0000000702700000, 0x0000000702700000|
|  40|0x0000000702800000, 0x00000007028fffe8, 0x0000000702900000| 99%| O|  |TS  0|AC  0|TAMS 0x0000000702800000, 0x0000000702800000|
|  41|0x0000000702900000, 0x0000000702a00000, 0x0000000702a00000|100%| O|  |TS  0|AC  0|TAMS 0x0000000702900000, 0x0000000702900000|
|  42|0x0000000702a00000, 0x0000000702afff30, 0x0000000702b00000| 99%| O|  |TS  0|AC  0|TAMS 0x0000000702a00000, 0x0000000702a00000|
|  43|0x0000000702b00000, 0x0000000702c00000, 0x0000000702c00000|100%|HS|  |TS  0|AC  0|TAMS 0x0000000702b00000, 0x0000000702b00000|
|  44|0x0000000702c00000, 0x0000000702d00000, 0x0000000702d00000|100%|HC|  |TS  0|AC  0|TAMS 0x0000000702c00000, 0x0000000702c00000|
|  45|0x0000000702d00000, 0x0000000702e00000, 0x0000000702e00000|100%|HC|  |TS  0|AC  0|TAMS 0x0000000702d00000, 0x0000000702d00000|
|  46|0x0000000702e00000, 0x0000000702f00000, 0x0000000702f00000|100%|HC|  |TS  0|AC  0|TAMS 0x0000000702e00000, 0x0000000702e00000|
|  47|0x0000000702f00000, 0x0000000703000000, 0x0000000703000000|100%|HC|  |TS  0|AC  0|TAMS 0x0000000702f00000, 0x0000000702f00000|
|  48|0x0000000703000000, 0x0000000703100000, 0x0000000703100000|100%|HC|  |TS  0|AC  0|TAMS 0x0000000703000000, 0x0000000703000000|
|  49|0x0000000703100000, 0x0000000703200000, 0x0000000703200000|100%| O|  |TS  0|AC  0|TAMS 0x0000000703100000, 0x0000000703100000|
|  50|0x0000000703200000, 0x0000000703300000, 0x0000000703300000|100%| O|  |TS  0|AC  0|TAMS 0x0000000703200000, 0x0000000703200000|
|  51|0x0000000703300000, 0x00000007033ffea0, 0x0000000703400000| 99%| O|  |TS  0|AC  0|TAMS 0x0000000703300000, 0x0000000703300000|
|  52|0x0000000703400000, 0x00000007034ffff0, 0x0000000703500000| 99%| O|  |TS  0|AC  0|TAMS 0x0000000703400000, 0x0000000703400000|
|  53|0x0000000703500000, 0x00000007035ffff0, 0x0000000703600000| 99%| O|  |TS  0|AC  0|TAMS 0x0000000703500000, 0x0000000703500000|
|  54|0x0000000703600000, 0x00000007036ffeb0, 0x0000000703700000| 99%| O|  |TS  0|AC  0|TAMS 0x0000000703600000, 0x0000000703600000|
|  55|0x0000000703700000, 0x00000007037fffb8, 0x0000000703800000| 99%| O|  |TS  0|AC  0|TAMS 0x0000000703700000, 0x0000000703700000|
|  56|0x0000000703800000, 0x00000007038ffef8, 0x0000000703900000| 99%| O|  |TS  0|AC  0|TAMS 0x0000000703800000, 0x0000000703800000|
|  57|0x0000000703900000, 0x00000007039fffc0, 0x0000000703a00000| 99%| O|  |TS  0|AC  0|TAMS 0x0000000703900000, 0x0000000703900000|
|  58|0x0000000703a00000, 0x0000000703af1038, 0x0000000703b00000| 94%| O|  |TS  0|AC  0|TAMS 0x0000000703a00000, 0x0000000703a00000|
|  59|0x0000000703b00000, 0x0000000703b00000, 0x0000000703c00000|  0%| F|  |TS  0|AC  0|TAMS 0x0000000703b00000, 0x0000000703b00000|
|  60|0x0000000703c00000, 0x0000000703d00000, 0x0000000703d00000|100%|HS|  |TS  0|AC  0|TAMS 0x0000000703c00000, 0x0000000703c00000|
|  61|0x0000000703d00000, 0x0000000703e00000, 0x0000000703e00000|100%|HC|  |TS  0|AC  0|TAMS 0x0000000703d00000, 0x0000000703d00000|
|  62|0x0000000703e00000, 0x0000000703f00000, 0x0000000703f00000|100%|HC|  |TS  0|AC  0|TAMS 0x0000000703e00000, 0x0000000703e00000|
|  63|0x0000000703f00000, 0x0000000703f00000, 0x0000000704000000|  0%| F|  |TS  0|AC  0|TAMS 0x0000000703f00000, 0x0000000703f00000|
|  64|0x0000000704000000, 0x0000000704000000, 0x0000000704100000|  0%| F|  |TS  0|AC  0|TAMS 0x0000000704000000, 0x0000000704000000|
|  65|0x0000000704100000, 0x0000000704100000, 0x0000000704200000|  0%| F|  |TS  0|AC  0|TAMS 0x0000000704100000, 0x0000000704100000|
|  66|0x0000000704200000, 0x0000000704200000, 0x0000000704300000|  0%| F|  |TS  0|AC  0|TAMS 0x0000000704200000, 0x0000000704200000|
|  67|0x0000000704300000, 0x0000000704300000, 0x0000000704400000|  0%| F|  |TS  0|AC  0|TAMS 0x0000000704300000, 0x0000000704300000|
|  68|0x0000000704400000, 0x0000000704400000, 0x0000000704500000|  0%| F|  |TS  0|AC  0|TAMS 0x0000000704400000, 0x0000000704400000|
|  69|0x0000000704500000, 0x0000000704500000, 0x0000000704600000|  0%| F|  |TS  0|AC  0|TAMS 0x0000000704500000, 0x0000000704500000|
|  70|0x0000000704600000, 0x0000000704600000, 0x0000000704700000|  0%| F|  |TS  0|AC  0|TAMS 0x0000000704600000, 0x0000000704600000|
|  71|0x0000000704700000, 0x0000000704700000, 0x0000000704800000|  0%| F|  |TS  0|AC  0|TAMS 0x0000000704700000, 0x0000000704700000|
|  72|0x0000000704800000, 0x0000000704800000, 0x0000000704900000|  0%| F|  |TS  0|AC  0|TAMS 0x0000000704800000, 0x0000000704800000|
|  73|0x0000000704900000, 0x0000000704900000, 0x0000000704a00000|  0%| F|  |TS  0|AC  0|TAMS 0x0000000704900000, 0x0000000704900000|
|  74|0x0000000704a00000, 0x0000000704a00000, 0x0000000704b00000|  0%| F|  |TS  0|AC  0|TAMS 0x0000000704a00000, 0x0000000704a00000|
|  75|0x0000000704b00000, 0x0000000704b00000, 0x0000000704c00000|  0%| F|  |TS  0|AC  0|TAMS 0x0000000704b00000, 0x0000000704b00000|
|  76|0x0000000704c00000, 0x0000000704c00000, 0x0000000704d00000|  0%| F|  |TS  0|AC  0|TAMS 0x0000000704c00000, 0x0000000704c00000|
|  77|0x0000000704d00000, 0x0000000704d00000, 0x0000000704e00000|  0%| F|  |TS  0|AC  0|TAMS 0x0000000704d00000, 0x0000000704d00000|
|  78|0x0000000704e00000, 0x0000000704e00000, 0x0000000704f00000|  0%| F|  |TS  0|AC  0|TAMS 0x0000000704e00000, 0x0000000704e00000|
|  79|0x0000000704f00000, 0x0000000704f00000, 0x0000000705000000|  0%| F|  |TS  0|AC  0|TAMS 0x0000000704f00000, 0x0000000704f00000|
|  80|0x0000000705000000, 0x0000000705000000, 0x0000000705100000|  0%| F|  |TS  0|AC  0|TAMS 0x0000000705000000, 0x0000000705000000|
|  81|0x0000000705100000, 0x0000000705100000, 0x0000000705200000|  0%| F|  |TS  0|AC  0|TAMS 0x0000000705100000, 0x0000000705100000|
|  82|0x0000000705200000, 0x0000000705200000, 0x0000000705300000|  0%| F|  |TS  0|AC  0|TAMS 0x0000000705200000, 0x0000000705200000|
|  83|0x0000000705300000, 0x0000000705300000, 0x0000000705400000|  0%| F|  |TS  0|AC  0|TAMS 0x0000000705300000, 0x0000000705300000|
|  84|0x0000000705400000, 0x0000000705400000, 0x0000000705500000|  0%| F|  |TS  0|AC  0|TAMS 0x0000000705400000, 0x0000000705400000|
|  85|0x0000000705500000, 0x0000000705500000, 0x0000000705600000|  0%| F|  |TS  0|AC  0|TAMS 0x0000000705500000, 0x0000000705500000|
|  86|0x0000000705600000, 0x0000000705600000, 0x0000000705700000|  0%| F|  |TS  0|AC  0|TAMS 0x0000000705600000, 0x0000000705600000|
|  87|0x0000000705700000, 0x0000000705700000, 0x0000000705800000|  0%| F|  |TS  0|AC  0|TAMS 0x0000000705700000, 0x0000000705700000|
|  88|0x0000000705800000, 0x0000000705800000, 0x0000000705900000|  0%| F|  |TS  0|AC  0|TAMS 0x0000000705800000, 0x0000000705800000|
|  89|0x0000000705900000, 0x0000000705900000, 0x0000000705a00000|  0%| F|  |TS  0|AC  0|TAMS 0x0000000705900000, 0x0000000705900000|
|  90|0x0000000705a00000, 0x0000000705a00000, 0x0000000705b00000|  0%| F|  |TS  0|AC  0|TAMS 0x0000000705a00000, 0x0000000705a00000|
|  91|0x0000000705b00000, 0x0000000705b00000, 0x0000000705c00000|  0%| F|  |TS  0|AC  0|TAMS 0x0000000705b00000, 0x0000000705b00000|
|  92|0x0000000705c00000, 0x0000000705c00000, 0x0000000705d00000|  0%| F|  |TS  0|AC  0|TAMS 0x0000000705c00000, 0x0000000705c00000|
|  93|0x0000000705d00000, 0x0000000705d00000, 0x0000000705e00000|  0%| F|  |TS  0|AC  0|TAMS 0x0000000705d00000, 0x0000000705d00000|
|  94|0x0000000705e00000, 0x0000000705e00000, 0x0000000705f00000|  0%| F|  |TS  0|AC  0|TAMS 0x0000000705e00000, 0x0000000705e00000|
|  95|0x0000000705f00000, 0x0000000705f00000, 0x0000000706000000|  0%| F|  |TS  0|AC  0|TAMS 0x0000000705f00000, 0x0000000705f00000|
|  96|0x0000000706000000, 0x0000000706000000, 0x0000000706100000|  0%| F|  |TS  0|AC  0|TAMS 0x0000000706000000, 0x0000000706000000|
|  97|0x0000000706100000, 0x0000000706100000, 0x0000000706200000|  0%| F|  |TS  0|AC  0|TAMS 0x0000000706100000, 0x0000000706100000|
|  98|0x0000000706200000, 0x0000000706200000, 0x0000000706300000|  0%| F|  |TS  0|AC  0|TAMS 0x0000000706200000, 0x0000000706200000|
|  99|0x0000000706300000, 0x0000000706300000, 0x0000000706400000|  0%| F|  |TS  0|AC  0|TAMS 0x0000000706300000, 0x0000000706300000|
| 100|0x0000000706400000, 0x0000000706400000, 0x0000000706500000|  0%| F|  |TS  0|AC  0|TAMS 0x0000000706400000, 0x0000000706400000|
| 101|0x0000000706500000, 0x0000000706500000, 0x0000000706600000|  0%| F|  |TS  0|AC  0|TAMS 0x0000000706500000, 0x0000000706500000|
| 102|0x0000000706600000, 0x0000000706600000, 0x0000000706700000|  0%| F|  |TS  0|AC  0|TAMS 0x0000000706600000, 0x0000000706600000|
| 103|0x0000000706700000, 0x0000000706700000, 0x0000000706800000|  0%| F|  |TS  0|AC  0|TAMS 0x0000000706700000, 0x0000000706700000|
| 104|0x0000000706800000, 0x0000000706800000, 0x0000000706900000|  0%| F|  |TS  0|AC  0|TAMS 0x0000000706800000, 0x0000000706800000|
| 105|0x0000000706900000, 0x0000000706900000, 0x0000000706a00000|  0%| F|  |TS  0|AC  0|TAMS 0x0000000706900000, 0x0000000706900000|
| 106|0x0000000706a00000, 0x0000000706a00000, 0x0000000706b00000|  0%| F|  |TS  0|AC  0|TAMS 0x0000000706a00000, 0x0000000706a00000|
| 107|0x0000000706b00000, 0x0000000706b00000, 0x0000000706c00000|  0%| F|  |TS  0|AC  0|TAMS 0x0000000706b00000, 0x0000000706b00000|
| 108|0x0000000706c00000, 0x0000000706c00000, 0x0000000706d00000|  0%| F|  |TS  0|AC  0|TAMS 0x0000000706c00000, 0x0000000706c00000|
| 109|0x0000000706d00000, 0x0000000706d00000, 0x0000000706e00000|  0%| F|  |TS  0|AC  0|TAMS 0x0000000706d00000, 0x0000000706d00000|
| 110|0x0000000706e00000, 0x0000000706e00000, 0x0000000706f00000|  0%| F|  |TS  0|AC  0|TAMS 0x0000000706e00000, 0x0000000706e00000|
| 111|0x0000000706f00000, 0x0000000706f00000, 0x0000000707000000|  0%| F|  |TS  0|AC  0|TAMS 0x0000000706f00000, 0x0000000706f00000|
| 112|0x0000000707000000, 0x0000000707000000, 0x0000000707100000|  0%| F|  |TS  0|AC  0|TAMS 0x0000000707000000, 0x0000000707000000|
| 113|0x0000000707100000, 0x0000000707100000, 0x0000000707200000|  0%| F|  |TS  0|AC  0|TAMS 0x0000000707100000, 0x0000000707100000|
| 114|0x0000000707200000, 0x0000000707200000, 0x0000000707300000|  0%| F|  |TS  0|AC  0|TAMS 0x0000000707200000, 0x0000000707200000|
| 115|0x0000000707300000, 0x0000000707300000, 0x0000000707400000|  0%| F|  |TS  0|AC  0|TAMS 0x0000000707300000, 0x0000000707300000|
| 116|0x0000000707400000, 0x0000000707481250, 0x0000000707500000| 50%| S|CS|TS  1|AC  0|TAMS 0x0000000707400000, 0x0000000707400000|
| 117|0x0000000707500000, 0x0000000707500000, 0x0000000707600000|  0%| F|  |TS  1|AC  0|TAMS 0x0000000707500000, 0x0000000707500000|
| 118|0x0000000707600000, 0x0000000707600000, 0x0000000707700000|  0%| F|  |TS  1|AC  0|TAMS 0x0000000707600000, 0x0000000707600000|
| 119|0x0000000707700000, 0x0000000707700000, 0x0000000707800000|  0%| F|  |TS  1|AC  0|TAMS 0x0000000707700000, 0x0000000707700000|
| 120|0x0000000707800000, 0x0000000707800000, 0x0000000707900000|  0%| F|  |TS  1|AC  0|TAMS 0x0000000707800000, 0x0000000707800000|
| 121|0x0000000707900000, 0x0000000707900000, 0x0000000707a00000|  0%| F|  |TS  1|AC  0|TAMS 0x0000000707900000, 0x0000000707900000|
| 122|0x0000000707a00000, 0x0000000707a00000, 0x0000000707b00000|  0%| F|  |TS  1|AC  0|TAMS 0x0000000707a00000, 0x0000000707a00000|
| 123|0x0000000707b00000, 0x0000000707b00000, 0x0000000707c00000|  0%| F|  |TS  1|AC  0|TAMS 0x0000000707b00000, 0x0000000707b00000|
| 124|0x0000000707c00000, 0x0000000707c00000, 0x0000000707d00000|  0%| F|  |TS  1|AC  0|TAMS 0x0000000707c00000, 0x0000000707c00000|
| 125|0x0000000707d00000, 0x0000000707d00000, 0x0000000707e00000|  0%| F|  |TS  1|AC  0|TAMS 0x0000000707d00000, 0x0000000707d00000|
| 126|0x0000000707e00000, 0x0000000707e00000, 0x0000000707f00000|  0%| F|  |TS  1|AC  0|TAMS 0x0000000707e00000, 0x0000000707e00000|
| 127|0x0000000707f00000, 0x0000000707f00000, 0x0000000708000000|  0%| F|  |TS  1|AC  0|TAMS 0x0000000707f00000, 0x0000000707f00000|
| 128|0x0000000708000000, 0x0000000708000000, 0x0000000708100000|  0%| F|  |TS  1|AC  0|TAMS 0x0000000708000000, 0x0000000708000000|
| 129|0x0000000708100000, 0x0000000708100000, 0x0000000708200000|  0%| F|  |TS  1|AC  0|TAMS 0x0000000708100000, 0x0000000708100000|
| 130|0x0000000708200000, 0x0000000708200000, 0x0000000708300000|  0%| F|  |TS  1|AC  0|TAMS 0x0000000708200000, 0x0000000708200000|
| 131|0x0000000708300000, 0x0000000708300000, 0x0000000708400000|  0%| F|  |TS  1|AC  0|TAMS 0x0000000708300000, 0x0000000708300000|
| 132|0x0000000708400000, 0x0000000708400000, 0x0000000708500000|  0%| F|  |TS  1|AC  0|TAMS 0x0000000708400000, 0x0000000708400000|
| 133|0x0000000708500000, 0x0000000708500000, 0x0000000708600000|  0%| F|  |TS  1|AC  0|TAMS 0x0000000708500000, 0x0000000708500000|
| 134|0x0000000708600000, 0x0000000708600000, 0x0000000708700000|  0%| F|  |TS  1|AC  0|TAMS 0x0000000708600000, 0x0000000708600000|
| 135|0x0000000708700000, 0x0000000708700000, 0x0000000708800000|  0%| F|  |TS  1|AC  0|TAMS 0x0000000708700000, 0x0000000708700000|
| 136|0x0000000708800000, 0x0000000708800000, 0x0000000708900000|  0%| F|  |TS  1|AC  0|TAMS 0x0000000708800000, 0x0000000708800000|
| 137|0x0000000708900000, 0x0000000708900000, 0x0000000708a00000|  0%| F|  |TS  1|AC  0|TAMS 0x0000000708900000, 0x0000000708900000|
| 138|0x0000000708a00000, 0x0000000708a00000, 0x0000000708b00000|  0%| F|  |TS  1|AC  0|TAMS 0x0000000708a00000, 0x0000000708a00000|
| 139|0x0000000708b00000, 0x0000000708b00000, 0x0000000708c00000|  0%| F|  |TS  1|AC  0|TAMS 0x0000000708b00000, 0x0000000708b00000|
| 140|0x0000000708c00000, 0x0000000708c00000, 0x0000000708d00000|  0%| F|  |TS  1|AC  0|TAMS 0x0000000708c00000, 0x0000000708c00000|
| 141|0x0000000708d00000, 0x0000000708d00000, 0x0000000708e00000|  0%| F|  |TS  1|AC  0|TAMS 0x0000000708d00000, 0x0000000708d00000|
| 142|0x0000000708e00000, 0x0000000708e00000, 0x0000000708f00000|  0%| F|  |TS  1|AC  0|TAMS 0x0000000708e00000, 0x0000000708e00000|
| 143|0x0000000708f00000, 0x0000000708f00000, 0x0000000709000000|  0%| F|  |TS  1|AC  0|TAMS 0x0000000708f00000, 0x0000000708f00000|
| 144|0x0000000709000000, 0x0000000709000000, 0x0000000709100000|  0%| F|  |TS  1|AC  0|TAMS 0x0000000709000000, 0x0000000709000000|
| 145|0x0000000709100000, 0x0000000709100000, 0x0000000709200000|  0%| F|  |TS  1|AC  0|TAMS 0x0000000709100000, 0x0000000709100000|
| 146|0x0000000709200000, 0x0000000709200000, 0x0000000709300000|  0%| F|  |TS  1|AC  0|TAMS 0x0000000709200000, 0x0000000709200000|
| 147|0x0000000709300000, 0x0000000709300000, 0x0000000709400000|  0%| F|  |TS  1|AC  0|TAMS 0x0000000709300000, 0x0000000709300000|
| 148|0x0000000709400000, 0x0000000709400000, 0x0000000709500000|  0%| F|  |TS  1|AC  0|TAMS 0x0000000709400000, 0x0000000709400000|
| 149|0x0000000709500000, 0x0000000709500000, 0x0000000709600000|  0%| F|  |TS  1|AC  0|TAMS 0x0000000709500000, 0x0000000709500000|
| 150|0x0000000709600000, 0x0000000709600000, 0x0000000709700000|  0%| F|  |TS  1|AC  0|TAMS 0x0000000709600000, 0x0000000709600000|
| 151|0x0000000709700000, 0x0000000709700000, 0x0000000709800000|  0%| F|  |TS  1|AC  0|TAMS 0x0000000709700000, 0x0000000709700000|
| 152|0x0000000709800000, 0x0000000709800000, 0x0000000709900000|  0%| F|  |TS  1|AC  0|TAMS 0x0000000709800000, 0x0000000709800000|
| 153|0x0000000709900000, 0x0000000709900000, 0x0000000709a00000|  0%| F|  |TS  1|AC  0|TAMS 0x0000000709900000, 0x0000000709900000|
| 154|0x0000000709a00000, 0x0000000709a00000, 0x0000000709b00000|  0%| F|  |TS  1|AC  0|TAMS 0x0000000709a00000, 0x0000000709a00000|
| 155|0x0000000709b00000, 0x0000000709b00000, 0x0000000709c00000|  0%| F|  |TS  1|AC  0|TAMS 0x0000000709b00000, 0x0000000709b00000|
| 156|0x0000000709c00000, 0x0000000709c00000, 0x0000000709d00000|  0%| F|  |TS  1|AC  0|TAMS 0x0000000709c00000, 0x0000000709c00000|
| 157|0x0000000709d00000, 0x0000000709d00000, 0x0000000709e00000|  0%| F|  |TS  1|AC  0|TAMS 0x0000000709d00000, 0x0000000709d00000|
| 158|0x0000000709e00000, 0x0000000709e00000, 0x0000000709f00000|  0%| F|  |TS  1|AC  0|TAMS 0x0000000709e00000, 0x0000000709e00000|
| 159|0x0000000709f00000, 0x0000000709f00000, 0x000000070a000000|  0%| F|  |TS  1|AC  0|TAMS 0x0000000709f00000, 0x0000000709f00000|
| 160|0x000000070a000000, 0x000000070a000000, 0x000000070a100000|  0%| F|  |TS  1|AC  0|TAMS 0x000000070a000000, 0x000000070a000000|
| 161|0x000000070a100000, 0x000000070a100000, 0x000000070a200000|  0%| F|  |TS  1|AC  0|TAMS 0x000000070a100000, 0x000000070a100000|
| 162|0x000000070a200000, 0x000000070a200000, 0x000000070a300000|  0%| F|  |TS  1|AC  0|TAMS 0x000000070a200000, 0x000000070a200000|
| 163|0x000000070a300000, 0x000000070a300000, 0x000000070a400000|  0%| F|  |TS  1|AC  0|TAMS 0x000000070a300000, 0x000000070a300000|
| 164|0x000000070a400000, 0x000000070a400000, 0x000000070a500000|  0%| F|  |TS  1|AC  0|TAMS 0x000000070a400000, 0x000000070a400000|
| 165|0x000000070a500000, 0x000000070a500000, 0x000000070a600000|  0%| F|  |TS  1|AC  0|TAMS 0x000000070a500000, 0x000000070a500000|
| 166|0x000000070a600000, 0x000000070a600000, 0x000000070a700000|  0%| F|  |TS  1|AC  0|TAMS 0x000000070a600000, 0x000000070a600000|
| 167|0x000000070a700000, 0x000000070a700000, 0x000000070a800000|  0%| F|  |TS  1|AC  0|TAMS 0x000000070a700000, 0x000000070a700000|
| 168|0x000000070a800000, 0x000000070a800000, 0x000000070a900000|  0%| F|  |TS  1|AC  0|TAMS 0x000000070a800000, 0x000000070a800000|
| 169|0x000000070a900000, 0x000000070a900000, 0x000000070aa00000|  0%| F|  |TS  1|AC  0|TAMS 0x000000070a900000, 0x000000070a900000|
| 170|0x000000070aa00000, 0x000000070aa00000, 0x000000070ab00000|  0%| F|  |TS  1|AC  0|TAMS 0x000000070aa00000, 0x000000070aa00000|
| 171|0x000000070ab00000, 0x000000070ab00000, 0x000000070ac00000|  0%| F|  |TS  1|AC  0|TAMS 0x000000070ab00000, 0x000000070ab00000|
| 172|0x000000070ac00000, 0x000000070ac00000, 0x000000070ad00000|  0%| F|  |TS  1|AC  0|TAMS 0x000000070ac00000, 0x000000070ac00000|
| 173|0x000000070ad00000, 0x000000070ad00000, 0x000000070ae00000|  0%| F|  |TS  1|AC  0|TAMS 0x000000070ad00000, 0x000000070ad00000|
| 174|0x000000070ae00000, 0x000000070ae1ae60, 0x000000070af00000| 10%| E|  |TS  1|AC  0|TAMS 0x000000070ae00000, 0x000000070ae00000|
| 175|0x000000070af00000, 0x000000070b000000, 0x000000070b000000|100%| E|CS|TS  1|AC  0|TAMS 0x000000070af00000, 0x000000070af00000|
| 176|0x000000070b000000, 0x000000070b100000, 0x000000070b100000|100%| E|CS|TS  1|AC  0|TAMS 0x000000070b000000, 0x000000070b000000|

Card table byte_map: [0x0000025af87d0000,0x0000025af8dd0000] byte_map_base: 0x0000025af4fd0000

Marking Bits (Prev, Next): (CMBitMap*) 0x0000025af6a3d9f0, (CMBitMap*) 0x0000025af6a3da28
 Prev Bits: [0x0000025a95b40000, 0x0000025a98b40000)
 Next Bits: [0x0000025a98b40000, 0x0000025a9bb40000)

Polling page: 0x0000025af0f30000

CodeHeap 'non-profiled nmethods': size=120000Kb used=17260Kb max_used=17558Kb free=102739Kb
 bounds [0x0000025a8e610000, 0x0000025a8f740000, 0x0000025a95b40000]
CodeHeap 'profiled nmethods': size=120000Kb used=39085Kb max_used=41621Kb free=80914Kb
 bounds [0x0000025a870e0000, 0x0000025a899b0000, 0x0000025a8e610000]
CodeHeap 'non-nmethods': size=5760Kb used=1742Kb max_used=1834Kb free=4017Kb
 bounds [0x0000025a86b40000, 0x0000025a86db0000, 0x0000025a870e0000]
 total_blobs=26021 nmethods=15335 adapters=1054
 compilation: enabled

Compilation events (10 events):
Event: 273.001 Thread 0x0000025af1dec000 18182       4       javax.swing.text.html.HTMLDocument$HTMLReader::<init> (1538 bytes)
Event: 273.003 Thread 0x0000025af90e7000 18183       3       sun.awt.image.OffScreenImageSource::<init> (49 bytes)
Event: 273.004 Thread 0x0000025af90e7000 nmethod 18183 0x0000025a899a7110 code [0x0000025a899a7320, 0x0000025a899a7990]
Event: 273.005 Thread 0x0000025af90e7000 18184       3       ui.utils.k.ag::e (25 bytes)
Event: 273.006 Thread 0x0000025af90e7000 nmethod 18184 0x0000025a899a7b90 code [0x0000025a899a7da0, 0x0000025a899a82f0]
Event: 273.006 Thread 0x0000025af90e7000 18185       3       ui.utils.k.ah::setText (23 bytes)
Event: 273.008 Thread 0x0000025af90e7000 nmethod 18185 0x0000025a899a8510 code [0x0000025a899a87c0, 0x0000025a899a97f0]
Event: 273.011 Thread 0x0000025af90e6800 nmethod 18181 0x0000025a8f72b410 code [0x0000025a8f72b600, 0x0000025a8f72c1f8]
Event: 273.025 Thread 0x0000025af90e7000 18186       3       ui.data.common.a.q::oN (8 bytes)
Event: 273.025 Thread 0x0000025af90e7000 nmethod 18186 0x0000025a899a9c90 code [0x0000025a899a9e40, 0x0000025a899a9fd0]

GC Heap History (10 events):
Event: 219.722 GC heap before
{Heap before GC invocations=141 (full 89):
 garbage-first heap   total 181248K, used 64302K [0x0000000700000000, 0x0000000700100588, 0x00000007c0000000)
  region size 1024K, 3 young (3072K), 0 survivors (0K)
 Metaspace       used 79902K, capacity 85229K, committed 85372K, reserved 1122304K
  class space    used 10917K, capacity 11853K, committed 11900K, reserved 1048576K
}
Event: 219.914 GC heap after
{Heap after GC invocations=142 (full 90):
 garbage-first heap   total 181248K, used 62245K [0x0000000700000000, 0x0000000700100588, 0x00000007c0000000)
  region size 1024K, 0 young (0K), 0 survivors (0K)
 Metaspace       used 79902K, capacity 85229K, committed 85372K, reserved 1122304K
  class space    used 10917K, capacity 11853K, committed 11900K, reserved 1048576K
}
Event: 220.000 GC heap before
{Heap before GC invocations=142 (full 90):
 garbage-first heap   total 181248K, used 65317K [0x0000000700000000, 0x0000000700100588, 0x00000007c0000000)
  region size 1024K, 4 young (4096K), 0 survivors (0K)
 Metaspace       used 79902K, capacity 85229K, committed 85372K, reserved 1122304K
  class space    used 10917K, capacity 11853K, committed 11900K, reserved 1048576K
}
Event: 220.200 GC heap after
{Heap after GC invocations=143 (full 91):
 garbage-first heap   total 181248K, used 62241K [0x0000000700000000, 0x0000000700100588, 0x00000007c0000000)
  region size 1024K, 0 young (0K), 0 survivors (0K)
 Metaspace       used 79902K, capacity 85229K, committed 85372K, reserved 1122304K
  class space    used 10917K, capacity 11853K, committed 11900K, reserved 1048576K
}
Event: 220.279 GC heap before
{Heap before GC invocations=143 (full 91):
 garbage-first heap   total 181248K, used 64289K [0x0000000700000000, 0x0000000700100588, 0x00000007c0000000)
  region size 1024K, 3 young (3072K), 0 survivors (0K)
 Metaspace       used 79905K, capacity 85229K, committed 85372K, reserved 1122304K
  class space    used 10917K, capacity 11853K, committed 11900K, reserved 1048576K
}
Event: 220.468 GC heap after
{Heap after GC invocations=144 (full 92):
 garbage-first heap   total 181248K, used 62224K [0x0000000700000000, 0x0000000700100588, 0x00000007c0000000)
  region size 1024K, 0 young (0K), 0 survivors (0K)
 Metaspace       used 79905K, capacity 85229K, committed 85372K, reserved 1122304K
  class space    used 10917K, capacity 11853K, committed 11900K, reserved 1048576K
}
Event: 220.722 GC heap before
{Heap before GC invocations=144 (full 92):
 garbage-first heap   total 181248K, used 64272K [0x0000000700000000, 0x0000000700100588, 0x00000007c0000000)
  region size 1024K, 3 young (3072K), 0 survivors (0K)
 Metaspace       used 79905K, capacity 85229K, committed 85372K, reserved 1122304K
  class space    used 10917K, capacity 11853K, committed 11900K, reserved 1048576K
}
Event: 220.913 GC heap after
{Heap after GC invocations=145 (full 93):
 garbage-first heap   total 181248K, used 62224K [0x0000000700000000, 0x0000000700100588, 0x00000007c0000000)
  region size 1024K, 0 young (0K), 0 survivors (0K)
 Metaspace       used 79905K, capacity 85229K, committed 85372K, reserved 1122304K
  class space    used 10917K, capacity 11853K, committed 11900K, reserved 1048576K
}
Event: 273.019 GC heap before
{Heap before GC invocations=145 (full 93):
 garbage-first heap   total 181248K, used 123664K [0x0000000700000000, 0x0000000700100588, 0x00000007c0000000)
  region size 1024K, 60 young (61440K), 0 survivors (0K)
 Metaspace       used 79979K, capacity 85293K, committed 85628K, reserved 1122304K
  class space    used 10917K, capacity 11853K, committed 11900K, reserved 1048576K
}
Event: 273.024 GC heap after
{Heap after GC invocations=146 (full 93):
 garbage-first heap   total 181248K, used 62741K [0x0000000700000000, 0x0000000700100588, 0x00000007c0000000)
  region size 1024K, 1 young (1024K), 1 survivors (1024K)
 Metaspace       used 79979K, capacity 85293K, committed 85628K, reserved 1122304K
  class space    used 10917K, capacity 11853K, committed 11900K, reserved 1048576K
}

Deoptimization events (10 events):
Event: 130.971 Thread 0x0000025afeb85000 Uncommon trap: reason=bimorphic_or_optimized_type_check action=maybe_recompile pc=0x0000025a8f1bddec method=java.awt.Container.findComponentAt(IIZ)Ljava/awt/Component; @ 9 c2
Event: 130.971 Thread 0x0000025afeb85000 Uncommon trap: reason=bimorphic_or_optimized_type_check action=maybe_recompile pc=0x0000025a8f1bf734 method=java.awt.Container.findComponentAt(IIZ)Ljava/awt/Component; @ 9 c2
Event: 131.871 Thread 0x0000025afeb85000 Uncommon trap: reason=unstable_if action=reinterpret pc=0x0000025a8f43e20c method=com.jidesoft.grid.CellSpanTable.getCellRect(IIZ)Ljava/awt/Rectangle; @ 33 c2
Event: 131.871 Thread 0x0000025afeb85000 Uncommon trap: reason=unstable_if action=reinterpret pc=0x0000025a8f421a2c method=com.jidesoft.grid.JideTable.getCellRect(IIZ)Ljava/awt/Rectangle; @ 206 c2
Event: 131.891 Thread 0x0000025afeb85000 Uncommon trap: reason=unstable_if action=reinterpret pc=0x0000025a8f5a0c54 method=com.jidesoft.grid.JideTable.rowAtPoint(Ljava/awt/Point;)I @ 77 c2
Event: 131.891 Thread 0x0000025afeb85000 Uncommon trap: reason=unstable_if action=reinterpret pc=0x0000025a8f4c8330 method=com.jidesoft.grid.JideTable.rowAtPoint(Ljava/awt/Point;)I @ 77 c2
Event: 133.426 Thread 0x0000025afeb85000 Uncommon trap: reason=class_check action=maybe_recompile pc=0x0000025a8f5a71d0 method=com.jidesoft.docking.DefaultDockingManager.handleEvent(Ljava/awt/AWTEvent;)Z @ 2252 c2
Event: 271.650 Thread 0x0000025afeb85000 Uncommon trap: reason=class_check action=maybe_recompile pc=0x0000025a8e937274 method=java.awt.Component.addNotify()V @ 200 c2
Event: 271.665 Thread 0x0000025afeb85000 Uncommon trap: reason=speculate_class_check action=maybe_recompile pc=0x0000025a8ef6fd2c method=java.awt.DefaultKeyboardFocusManager.dispatchEvent(Ljava/awt/AWTEvent;)Z @ 1467 c2
Event: 271.703 Thread 0x0000025afeb85000 Uncommon trap: reason=class_check action=maybe_recompile pc=0x0000025a8ec16454 method=javax.swing.AbstractButton.setEnabled(Z)V @ 21 c2

Classes redefined (0 events):
No events

Internal exceptions (10 events):
Event: 72.425 Thread 0x0000025afeb85000 Exception <a 'java/lang/NoSuchMethodError'{0x000000070a9ee2d0}: java.lang.invoke.DirectMethodHandle$Holder.invokeSpecial(Ljava/lang/Object;Ljava/lang/Object;IILjava/lang/Object;ILjava/lang/Object;I)Ljava/lang/Object;> (0x000000070a9ee2d0) thrown at [t:/wo
Event: 72.426 Thread 0x0000025afeb85000 Exception <a 'java/lang/NoSuchMethodError'{0x000000070a9f1a40}: java.lang.invoke.DelegatingMethodHandle$Holder.reinvoke_L(Ljava/lang/Object;IILjava/lang/Object;ILjava/lang/Object;I)Ljava/lang/Object;> (0x000000070a9f1a40) thrown at [t:/workspace/hotspot/s
Event: 72.426 Thread 0x0000025afeb85000 Exception <a 'java/lang/NoSuchMethodError'{0x000000070a821bd0}: method resolution failed> (0x000000070a821bd0) thrown at [t:/workspace/hotspot/src/share/vm/prims/methodHandles.cpp, line 1256]
Event: 99.764 Thread 0x0000025afeb85000 Exception <a 'java/lang/NoSuchMethodError'{0x0000000709dcb1e0}: method resolution failed> (0x0000000709dcb1e0) thrown at [t:/workspace/hotspot/src/share/vm/prims/methodHandles.cpp, line 1256]
Event: 99.764 Thread 0x0000025afeb85000 Exception <a 'java/lang/NoSuchMethodError'{0x0000000709dcf318}: java.lang.invoke.DelegatingMethodHandle$Holder.reinvoke_L(Ljava/lang/Object;Ljava/lang/Object;IILjava/lang/Object;Ljava/lang/Object;ILjava/lang/Object;II)Ljava/lang/Object;> (0x0000000709dcf3
Event: 99.767 Thread 0x0000025afeb85000 Exception <a 'java/lang/NoSuchMethodError'{0x0000000709c3c008}: java.lang.invoke.DirectMethodHandle$Holder.invokeSpecial(Ljava/lang/Object;Ljava/lang/Object;IIILjava/lang/Object;Ljava/lang/Object;ILjava/lang/Object;II)Ljava/lang/Object;> (0x0000000709c3c0
Event: 99.768 Thread 0x0000025afeb85000 Exception <a 'java/lang/NoSuchMethodError'{0x0000000709c3fb30}: java.lang.invoke.DelegatingMethodHandle$Holder.reinvoke_L(Ljava/lang/Object;IIILjava/lang/Object;Ljava/lang/Object;ILjava/lang/Object;II)Ljava/lang/Object;> (0x0000000709c3fb30) thrown at [t:
Event: 99.769 Thread 0x0000025afeb85000 Exception <a 'java/lang/NoSuchMethodError'{0x0000000709c5ddf0}: method resolution failed> (0x0000000709c5ddf0) thrown at [t:/workspace/hotspot/src/share/vm/prims/methodHandles.cpp, line 1256]
Event: 99.820 Thread 0x0000025afeb85000 Exception <a 'java/lang/NoSuchMethodError'{0x0000000709b58850}: java.lang.invoke.DirectMethodHandle$Holder.invokeSpecial(Ljava/lang/Object;Ljava/lang/Object;ILjava/lang/Object;)V> (0x0000000709b58850) thrown at [t:/workspace/hotspot/src/share/vm/interpret
Event: 99.820 Thread 0x0000025afeb85000 Exception <a 'java/lang/NoSuchMethodError'{0x0000000709b5e178}: java.lang.invoke.DirectMethodHandle$Holder.invokeStatic(Ljava/lang/Object;Ljava/lang/Object;ILjava/lang/Object;)Ljava/lang/Object;> (0x0000000709b5e178) thrown at [t:/workspace/hotspot/src/sh

Events (10 events):
Event: 271.665 Executing VM operation: BulkRevokeBias done
Event: 271.703 Thread 0x0000025afeb85000 Uncommon trap: trap_request=0xffffffde fr.pc=0x0000025a8ec16454 relative=0x0000000000000114
Event: 271.703 Thread 0x0000025afeb85000 DEOPT PACKING pc=0x0000025a8ec16454 sp=0x00000064c23f6b10
Event: 271.704 Thread 0x0000025afeb85000 DEOPT UNPACKING pc=0x0000025a86b8df29 sp=0x00000064c23f6a40 mode 2
Event: 271.955 Thread 0x0000025aa040f000 Thread added: 0x0000025aa040f000
Event: 271.958 Thread 0x0000025aa040f000 Thread exited: 0x0000025aa040f000
Event: 273.006 Thread 0x0000025aa040b000 Thread added: 0x0000025aa040b000
Event: 273.013 Executing VM operation: G1IncCollectionPause
Event: 273.024 Executing VM operation: G1IncCollectionPause done
Event: 273.024 Thread 0x0000025aa040b000 Thread exited: 0x0000025aa040b000


Dynamic libraries:
0x00007ff734000000 - 0x00007ff734030000 	D:\Vivado\2019.2\bin\unwrapped\win64.o\vivado.exe
0x00007ffe17c40000 - 0x00007ffe17e30000 	C:\WINDOWS\SYSTEM32\ntdll.dll
0x00007ffe16700000 - 0x00007ffe167b2000 	C:\WINDOWS\System32\KERNEL32.DLL
0x00007ffe14db0000 - 0x00007ffe15054000 	C:\WINDOWS\System32\KERNELBASE.dll
0x00007ffe15090000 - 0x00007ffe1518a000 	C:\WINDOWS\System32\ucrtbase.dll
0x00007ffe03cb0000 - 0x00007ffe03d49000 	C:\WINDOWS\SYSTEM32\MSVCP140.dll
0x00007ffe06010000 - 0x00007ffe06024000 	D:\Vivado\2019.2\lib\win64.o\libboost_signals.dll
0x00007ffdc8c10000 - 0x00007ffdc9b53000 	D:\Vivado\2019.2\lib\win64.o\librdi_common.dll
0x00007ffe06dd0000 - 0x00007ffe06de6000 	D:\Vivado\2019.2\lib\win64.o\librdi_commonmain.dll
0x00007ffe03d50000 - 0x00007ffe03d66000 	C:\WINDOWS\SYSTEM32\VCRUNTIME140.dll
0x00007ffe16aa0000 - 0x00007ffe16c34000 	C:\WINDOWS\System32\USER32.dll
0x00007ffe15c70000 - 0x00007ffe15c91000 	C:\WINDOWS\System32\win32u.dll
0x00007ffe171c0000 - 0x00007ffe171e6000 	C:\WINDOWS\System32\GDI32.dll
0x00007ffde5640000 - 0x00007ffde59ae000 	D:\Vivado\2019.2\lib\win64.o\libCOIN-all.dll
0x00007ffe037d0000 - 0x00007ffe037e4000 	D:\Vivado\2019.2\lib\win64.o\libboost_date_time.dll
0x00007ffe15340000 - 0x00007ffe154d6000 	C:\WINDOWS\System32\gdi32full.dll
0x00007ffe02dc0000 - 0x00007ffe02de6000 	D:\Vivado\2019.2\lib\win64.o\libboost_filesystem.dll
0x00007ffe16650000 - 0x00007ffe166f3000 	C:\WINDOWS\System32\ADVAPI32.dll
0x00007ffe15240000 - 0x00007ffe152de000 	C:\WINDOWS\System32\msvcp_win.dll
0x00007ffe16a00000 - 0x00007ffe16a9e000 	C:\WINDOWS\System32\msvcrt.dll
0x00007ffdf7dc0000 - 0x00007ffdf7e3f000 	D:\Vivado\2019.2\lib\win64.o\libboost_program_options.dll
0x00007ffe15e90000 - 0x00007ffe16576000 	C:\WINDOWS\System32\SHELL32.dll
0x00007ffe16cb0000 - 0x00007ffe16d47000 	C:\WINDOWS\System32\sechost.dll
0x00007ffdf68a0000 - 0x00007ffdf69b4000 	D:\Vivado\2019.2\lib\win64.o\libboost_regex.dll
0x00007ffe17660000 - 0x00007ffe17780000 	C:\WINDOWS\System32\RPCRT4.dll
0x00007ffe15ca0000 - 0x00007ffe15cea000 	C:\WINDOWS\System32\cfgmgr32.dll
0x00007ffe10af0000 - 0x00007ffe10afb000 	D:\Vivado\2019.2\lib\win64.o\libboost_system.dll
0x00007ffe177f0000 - 0x00007ffe17899000 	C:\WINDOWS\System32\shcore.dll
0x00007ffe117c0000 - 0x00007ffe117ca000 	D:\Vivado\2019.2\lib\win64.o\librdi_commonversion.dll
0x00007ffe178a0000 - 0x00007ffe17bd5000 	C:\WINDOWS\System32\combase.dll
0x00007ffdf88b0000 - 0x00007ffdf88d1000 	D:\Vivado\2019.2\lib\win64.o\libboost_thread.dll
0x00007ffde8ba0000 - 0x00007ffde8d41000 	D:\Vivado\2019.2\lib\win64.o\librdi_commonxillic.dll
0x00007ffe14d30000 - 0x00007ffe14db0000 	C:\WINDOWS\System32\bcryptPrimitives.dll
0x00007ffe16c40000 - 0x00007ffe16caf000 	C:\WINDOWS\System32\WS2_32.dll
0x00007ffe154e0000 - 0x00007ffe15c62000 	C:\WINDOWS\System32\windows.storage.dll
0x00007ffe10480000 - 0x00007ffe1048f000 	D:\Vivado\2019.2\lib\win64.o\libboost_xilinx.dll
0x00007ffe15060000 - 0x00007ffe15086000 	C:\WINDOWS\System32\bcrypt.dll
0x00007ffe14b90000 - 0x00007ffe14bb3000 	C:\WINDOWS\System32\profapi.dll
0x0000000069a70000 - 0x0000000069b9b000 	D:\Vivado\2019.2\lib\win64.o\tcl85t.dll
0x00007ffe14b40000 - 0x00007ffe14b8a000 	C:\WINDOWS\System32\powrprof.dll
0x00007ffdf5fe0000 - 0x00007ffdf6062000 	D:\Vivado\2019.2\lib\win64.o\libhdlpsolve.dll
0x00007ffe14af0000 - 0x00007ffe14b00000 	C:\WINDOWS\System32\UMPDC.dll
0x00007ffdef070000 - 0x00007ffdef115000 	D:\Vivado\2019.2\lib\win64.o\libhdxml.dll
0x00007ffe165e0000 - 0x00007ffe16632000 	C:\WINDOWS\System32\shlwapi.dll
0x00007ffdc8010000 - 0x00007ffdc8c0c200 	D:\Vivado\2019.2\lib\win64.o\libisl_iostreams.dll
0x00007ffe14b20000 - 0x00007ffe14b31000 	C:\WINDOWS\System32\kernel.appcore.dll
0x00007ffdf8100000 - 0x00007ffdf812e000 	D:\Vivado\2019.2\lib\win64.o\libisl_sysinfo.dll
0x00007ffe14bc0000 - 0x00007ffe14bd7000 	C:\WINDOWS\System32\cryptsp.dll
0x00007ffdf7d10000 - 0x00007ffdf7d75000 	D:\Vivado\2019.2\lib\win64.o\liblmx6.0.dll
0x00007ffe03160000 - 0x00007ffe0317a000 	D:\Vivado\2019.2\lib\win64.o\pthreadVC2.dll
0x00007ffdf7110000 - 0x00007ffdf7131000 	D:\Vivado\2019.2\lib\win64.o\librdizlib.dll
0x00007ffdfe7e0000 - 0x00007ffdfe7fc000 	D:\Vivado\2019.2\lib\win64.o\librdiconfig.dll
0x0000000012000000 - 0x0000000012270000 	D:\Vivado\2019.2\lib\win64.o\xerces-c_3_1.dll
0x00007ffe05df0000 - 0x00007ffe05e07000 	C:\WINDOWS\SYSTEM32\NETAPI32.dll
0x00007ffdf7750000 - 0x00007ffdf7c25000 	C:\WINDOWS\SYSTEM32\WININET.dll
0x00007ffe08d40000 - 0x00007ffe08e30000 	C:\WINDOWS\SYSTEM32\WINHTTP.dll
0x00007ffe08b40000 - 0x00007ffe08d16000 	C:\WINDOWS\SYSTEM32\urlmon.dll
0x00007ffde2b40000 - 0x00007ffde2e1b000 	D:\Vivado\2019.2\lib\win64.o\libXil_lmgr11.dll
0x00007ffe0a600000 - 0x00007ffe0a60d000 	D:\Vivado\2019.2\lib\win64.o\libboost_chrono.dll
0x00007ffe15dc0000 - 0x00007ffe15e90000 	C:\WINDOWS\System32\COMDLG32.dll
0x00007ffe15cf0000 - 0x00007ffe15db5000 	C:\WINDOWS\System32\OLEAUT32.dll
0x00007ffe16e90000 - 0x00007ffe16fe7000 	C:\WINDOWS\System32\ole32.dll
0x00007ffdf64f0000 - 0x00007ffdf6515000 	D:\Vivado\2019.2\lib\win64.o\libisl_iosutils.dll
0x00007ffdfcc50000 - 0x00007ffdfcc6b000 	D:\Vivado\2019.2\lib\win64.o\libboost_iostreams.dll
0x00007ffe0f1c0000 - 0x00007ffe0f1c9000 	C:\WINDOWS\SYSTEM32\WSOCK32.dll
0x00007ffe152e0000 - 0x00007ffe1533c000 	C:\WINDOWS\System32\WINTRUST.dll
0x00007ffe14b00000 - 0x00007ffe14b12000 	C:\WINDOWS\System32\MSASN1.dll
0x00007ffdbc890000 - 0x00007ffdbd721000 	D:\Vivado\2019.2\lib\win64.o\gurobi65.dll
0x00007ffe14be0000 - 0x00007ffe14d29000 	C:\WINDOWS\System32\CRYPT32.dll
0x00007ffdf6870000 - 0x00007ffdf6899000 	C:\WINDOWS\SYSTEM32\VCOMP140.DLL
0x00007ffe07b90000 - 0x00007ffe07e36000 	C:\WINDOWS\SYSTEM32\iertutil.dll
0x00007ffdf33f0000 - 0x00007ffdf3499000 	C:\WINDOWS\WinSxS\amd64_microsoft.windows.common-controls_6595b64144ccf1df_5.82.18362.959_none_2a27bd024669d2fe\COMCTL32.dll
0x00007ffe0edb0000 - 0x00007ffe0edcc000 	C:\WINDOWS\SYSTEM32\dhcpcsvc.DLL
0x00007ffe169f0000 - 0x00007ffe169f8000 	C:\WINDOWS\System32\NSI.dll
0x00007ffe14530000 - 0x00007ffe1453c000 	C:\WINDOWS\SYSTEM32\CRYPTBASE.DLL
0x00007ffe14180000 - 0x00007ffe1418c000 	C:\WINDOWS\SYSTEM32\NETUTILS.DLL
0x00007ffe17050000 - 0x00007ffe1707e000 	C:\WINDOWS\System32\IMM32.DLL
0x00007ffde6520000 - 0x00007ffde6a37000 	D:\Vivado\2019.2\lib\win64.o\librdi_commontasks.dll
0x00007ffdd05f0000 - 0x00007ffdd08d3000 	D:\Vivado\2019.2\lib\win64.o\librdi_sio.dll
0x00007ffe0f440000 - 0x00007ffe0f44a000 	C:\WINDOWS\SYSTEM32\VERSION.dll
0x0000000067950000 - 0x0000000068375000 	D:\Vivado\2019.2\tps\win64\jre9.0.4\bin\server\jvm.dll
0x00007ffe16640000 - 0x00007ffe16648000 	C:\WINDOWS\System32\PSAPI.DLL
0x00007ffe14070000 - 0x00007ffe140aa000 	C:\WINDOWS\SYSTEM32\IPHLPAPI.DLL
0x00007ffe114c0000 - 0x00007ffe114e4000 	C:\WINDOWS\SYSTEM32\WINMM.dll
0x00007ffde8ab0000 - 0x00007ffde8b9f000 	C:\WINDOWS\SYSTEM32\MSVCR120.dll
0x00007ffe11490000 - 0x00007ffe114bd000 	C:\WINDOWS\SYSTEM32\winmmbase.dll
0x00007ffe14360000 - 0x00007ffe143c7000 	C:\WINDOWS\SYSTEM32\MSWSOCK.DLL
0x00007ffdaeed0000 - 0x00007ffdb1615000 	D:\Vivado\2019.2\lib\win64.o\librdi_tcltasks.dll
0x00007ffde29a0000 - 0x00007ffde2b3d000 	D:\Vivado\2019.2\lib\win64.o\librdi_board.dll
0x00007ffdf6370000 - 0x00007ffdf63eb000 	D:\Vivado\2019.2\lib\win64.o\librdi_boarddep.dll
0x00007ffdd0130000 - 0x00007ffdd05e4000 	D:\Vivado\2019.2\lib\win64.o\librdi_bitstream.dll
0x00007ffde7d90000 - 0x00007ffde7ee2000 	D:\Vivado\2019.2\lib\win64.o\librdi_cd_client.dll
0x00007ffde7ca0000 - 0x00007ffde7d8f000 	D:\Vivado\2019.2\lib\win64.o\librdi_chipscope.dll
0x00007ffde0f20000 - 0x00007ffde10e0000 	D:\Vivado\2019.2\lib\win64.o\librdi_chipscopeimpl.dll
0x00007ffdad3f0000 - 0x00007ffdaeeca000 	D:\Vivado\2019.2\lib\win64.o\librdi_constraints.dll
0x00007ffdcf2d0000 - 0x00007ffdcf5f4000 	D:\Vivado\2019.2\lib\win64.o\librdi_containers.dll
0x00007ffda7130000 - 0x00007ffda9120000 	D:\Vivado\2019.2\lib\win64.o\librdi_coregen.dll
0x00007ffdc68a0000 - 0x00007ffdc6f79000 	D:\Vivado\2019.2\lib\win64.o\librdi_coregenipxact.dll
0x00007ffd92580000 - 0x00007ffda712b000 	D:\Vivado\2019.2\lib\win64.o\librdi_device.dll
0x00007ffda9120000 - 0x00007ffdad3eb000 	D:\Vivado\2019.2\lib\win64.o\librdi_designutils.dll
0x00007ffdc64f0000 - 0x00007ffdc683a000 	D:\Vivado\2019.2\lib\win64.o\librdi_dlyest.dll
0x00007ffdc5f20000 - 0x00007ffdc64ed000 	D:\Vivado\2019.2\lib\win64.o\librdi_drc.dll
0x00007ffde5b70000 - 0x00007ffde5c34000 	D:\Vivado\2019.2\lib\win64.o\librdi_dsp.dll
0x00007ffdbbc00000 - 0x00007ffdbc26b000 	D:\Vivado\2019.2\lib\win64.o\librdi_filemgmt.dll
0x00007ffdc5c10000 - 0x00007ffdc5f20000 	D:\Vivado\2019.2\lib\win64.o\librdi_guitools.dll
0x00007ffdf6220000 - 0x00007ffdf628a000 	D:\Vivado\2019.2\lib\win64.o\librdi_hdf.dll
0x00007ffdcff10000 - 0x00007ffdd0130000 	D:\Vivado\2019.2\lib\win64.o\librdi_hip_devdesign.dll
0x00007ffd90e10000 - 0x00007ffd9257d000 	D:\Vivado\2019.2\lib\win64.o\librdi_implflow.dll
0x00007ffde54f0000 - 0x00007ffde5638000 	D:\Vivado\2019.2\lib\win64.o\librdi_hip_perf_analysis.dll
0x00007ffdbb210000 - 0x00007ffdbb841000 	D:\Vivado\2019.2\lib\win64.o\librdi_memdata.dll
0x00007ffdf3f70000 - 0x00007ffdf3fe4000 	D:\Vivado\2019.2\lib\win64.o\librdi_memoryarray.dll
0x00007ffd8e040000 - 0x00007ffd90e0b000 	D:\Vivado\2019.2\lib\win64.o\librdi_mig.dll
0x00007ffdf64a0000 - 0x00007ffdf64ec000 	D:\Vivado\2019.2\lib\win64.o\librdi_pfi.dll
0x00007ffd8b770000 - 0x00007ffd8e037000 	D:\Vivado\2019.2\lib\win64.o\librdi_place.dll
0x00007ffdbab20000 - 0x00007ffdbb203000 	D:\Vivado\2019.2\lib\win64.o\librdi_netlist.dll
0x00007ffdbc570000 - 0x00007ffdbc88b000 	D:\Vivado\2019.2\lib\win64.o\librdi_platform.dll
0x00007ffdb9830000 - 0x00007ffdba03b000 	D:\Vivado\2019.2\lib\win64.o\librdi_power.dll
0x00007ffdba330000 - 0x00007ffdba8ea000 	D:\Vivado\2019.2\lib\win64.o\librdi_project.dll
0x00007ffdb64e0000 - 0x00007ffdb6c13000 	D:\Vivado\2019.2\lib\win64.o\librdi_psta.dll
0x00007ffd8ac70000 - 0x00007ffd8b331000 	D:\Vivado\2019.2\lib\win64.o\librdi_rsb.dll
0x00007ffdcf1c0000 - 0x00007ffdcf2c8000 	D:\Vivado\2019.2\lib\win64.o\librdi_runsbase.dll
0x00007ffd8b340000 - 0x00007ffd8b763000 	D:\Vivado\2019.2\lib\win64.o\librdi_runs.dll
0x00007ffdced40000 - 0x00007ffdcefb5000 	D:\Vivado\2019.2\lib\win64.o\librdi_simdata.dll
0x00007ffd89de0000 - 0x00007ffd8ac6d000 	D:\Vivado\2019.2\lib\win64.o\librdi_timing.dll
0x00007ffdc7e70000 - 0x00007ffdc8010000 	D:\Vivado\2019.2\lib\win64.o\librdi_cd_protocol.dll
0x00007ffdbc3c0000 - 0x00007ffdbc561000 	D:\Vivado\2019.2\lib\win64.o\librdi_advchipscopeimpl.dll
0x00007ffdf0c20000 - 0x00007ffdf0c6c000 	D:\Vivado\2019.2\lib\win64.o\libboost_serialization.dll
0x00007ffde28c0000 - 0x00007ffde2997000 	D:\Vivado\2019.2\lib\win64.o\librdi_ipconfig_readwrite.dll

VM Arguments:
jvm_args: -Dsun.java2d.pmoffscreen=false -Dsun.java2d.xrender=false -Dsun.java2d.d3d=false -Dsun.awt.nopixfmt=true -Dsun.java2d.dpiaware=true -Dsun.java2d.uiScale.enabled=false -Xverify:none -Dswing.aatext=true -XX:-UsePerfData -Djdk.map.althashing.threshold=512 -XX:StringTableSize=4072 --add-opens=java.base/java.nio=ALL-UNNAMED --add-opens=java.desktop/sun.swing=ALL-UNNAMED --add-opens=java.desktop/javax.swing=ALL-UNNAMED --add-opens=java.desktop/javax.swing.tree=ALL-UNNAMED --add-opens=java.desktop/javax.swing.plaf.basic=ALL-UNNAMED --add-opens=java.desktop/javax.swing.plaf.synth=ALL-UNNAMED --add-opens=java.desktop/com.sun.awt=ALL-UNNAMED -XX:NewSize=60m -XX:MaxNewSize=60m -Xms128m -Xmx3072m -Xss5m 
java_command: <unknown>
java_class_path (initial): D:/Vivado/2019.2\lib\classes\alloy.jar;D:/Vivado/2019.2\lib\classes\autoesl-common.jar;D:/Vivado/2019.2\lib\classes\autoesl-models.jar;D:/Vivado/2019.2\lib\classes\autoesl-report.jar;D:/Vivado/2019.2\lib\classes\autopilot.scelaborator.jar;D:/Vivado/2019.2\lib\classes\autopilot.sourceprocessor.jar;D:/Vivado/2019.2\lib\classes\autopilot.tbprocessor.jar;D:/Vivado/2019.2\lib\classes\batik-anim.jar;D:/Vivado/2019.2\lib\classes\batik-awt-util.jar;D:/Vivado/2019.2\lib\classes\batik-bridge.jar;D:/Vivado/2019.2\lib\classes\batik-codec.jar;D:/Vivado/2019.2\lib\classes\batik-css.jar;D:/Vivado/2019.2\lib\classes\batik-dom.jar;D:/Vivado/2019.2\lib\classes\batik-ext.jar;D:/Vivado/2019.2\lib\classes\batik-gui-util.jar;D:/Vivado/2019.2\lib\classes\batik-gvt.jar;D:/Vivado/2019.2\lib\classes\batik-parser.jar;D:/Vivado/2019.2\lib\classes\batik-script.jar;D:/Vivado/2019.2\lib\classes\batik-svg-dom.jar;D:/Vivado/2019.2\lib\classes\batik-swing.jar;D:/Vivado/2019.2\lib\classes\batik-transcoder.jar;D:/Vivado/2019.2\lib\classes\batik-util.jar;D:/Vivado/2019.2\lib\classes\batik-xml.jar;D:/Vivado/2019.2\lib\classes\com.google.gson_2.7.0.v20170129-0911.jar;D:/Vivado/2019.2\lib\classes\com.google.guava_21.0.0.v20170206-1425.jar;D:/Vivado/2019.2\lib\classes\com.ibm.icu_4.4.2.v20110208.jar;D:/Vivado/2019.2\lib\classes\com.sigasi.hdt.connection_4.5.0.201909241521.jar;D:/Vivado/2019.2\lib\classes\com.sigasi.hdt.epl_4.5.0.201909241521.jar;D:/Vivado/2019.2\lib\classes\com.sigasi.hdt.project_4.5.0.201909241521.jar;D:/Vivado/2019.2\lib\classes\com.sigasi.hdt.readonlyfilesystem_4.5.0.201909241521.jar;D:/Vivado/2019.2\lib\classes\com.sigasi.lcm_4.5.0.201909241521.jar;D:/Vivado/2019.2\lib\classes\com.sigasi.sdk.client_4.5.0.201909241521.jar;D:/Vivado/2019.2\lib\classes\com.xilinx.hls.services.jar;D:/Vivado/2019.2\lib\classes\commons-collections4-4.1.jar;D:/Vivado/2019.2\lib\classes\commons-math-2.2.jar;D:/Vivado/2019.2\lib\classes\Dispatch.jar;D:/Vivado/2019.2\lib\classes\Disp
Launcher Type: generic

Logging:
Log output configuration:
#0: stdout all=warning uptime,level,tags
#1: stderr all=off uptime,level,tags

Environment Variables:
PATH=D:/Vivado/2019.2/bin;D:/Vivado/2019.2/lib/win64.o;D:/Vivado/2019.2/tps/win64/jre9.0.4/bin/server;D:/Vivado/2019.2/tps/win64/jre9.0.4/bin;D:/Vivado/2019.2/ids_lite/ISE/bin/nt64;D:/Vivado/2019.2/ids_lite/ISE/lib/nt64;C:\Program Files (x86)\Common Files\Oracle\Java\javapath;C:\Windows\system32;C:\Windows;C:\Windows\System32\Wbem;C:\Windows\System32\WindowsPowerShell\v1.0\;C:\Windows\System32\OpenSSH\;C:\Program Files\NVIDIA Corporation\NVIDIA NvDLISR;C:\Program Files (x86)\NVIDIA Corporation\PhysX\Common;C:\Program Files\nodejs\;C:\Android;C:\Program Files\Amazon\AWSCLI\bin\;C:\Program Files\Git\cmd;C:\Users\Nico\AppData\Local\Programs\Python\Python37-32\Scripts\;C:\Users\Nico\AppData\Local\Programs\Python\Python37-32\;C:\Users\Nico\AppData\Local\Microsoft\WindowsApps;C:\Users\Nico\AppData\Local\Programs\Microsoft VS Code\bin;C:\Users\Nico\AppData\Roaming\npm;C:\Users\Nico\AppData\Local\hyper\app-3.0.2\resources\bin;D:/Vivado/2019.2\tps\mingw\6.2.0\win64.o\nt\bin;D:/Vivado/2019.2\tps\mingw\6.2.0\win64.o\nt\libexec\gcc\x86_64-w64-mingw32\6.2.0;D:/Vivado/2019.2\tps\win64\python-2.7.5;D:/Vivado/2019.2\tps\win64\python-2.7.5\bin;D:/Vivado/2019.2\tps\win64\python-2.7.5\lib;D:/Vivado/2019.2\tps\win64\python-2.7.5\Lib\lib-tk;D:/Vivado/2019.2\tps\win64\python-2.7.5\lib\site-packages
USERNAME=Nico
OS=Windows_NT
PROCESSOR_IDENTIFIER=Intel64 Family 6 Model 60 Stepping 3, GenuineIntel



---------------  S Y S T E M  ---------------

OS: Windows 10 , 64 bit Build 18362 (10.0.18362.959)

CPU:total 8 (initial active 8) (4 cores per cpu, 2 threads per core) family 6 model 60 stepping 3, cmov, cx8, fxsr, mmx, sse, sse2, sse3, ssse3, sse4.1, sse4.2, popcnt, avx, avx2, aes, clmul, erms, lzcnt, ht, tsc, tscinvbit, bmi1, bmi2, fma

Memory: 4k page, physical 12469272k(3898488k free), swap 14369816k(1756808k free)

vm_info: Java HotSpot(TM) 64-Bit Server VM (9.0.4+11) for windows-amd64 JRE (9.0.4+11), built on Dec 20 2017 02:18:54 by "mach5one" with MS VC++ 12.0 (VS2013)

END.
